05/31/2023	
PRGS
Progress Software	4	$0.17	1.21%	03/17/2023	06/01/2023	06/15/2023	Get Alert
05/31/2023	
MOS
Mosaic	4	$0.2	1.47%	03/09/2023	06/01/2023	06/15/2023	Get Alert
05/31/2023	
TSN
Tyson Foods	4	$0.48	3.13%	02/08/2023	06/01/2023	06/15/2023	Get Alert
05/31/2023	
FF
FutureFuel	4	$0.06	2.78%	01/04/2023	06/01/2023	06/15/2023	Get Alert
05/30/2023	
MLAB
Mesa Laboratories	4	$0.16	0.37%	04/03/2023	05/31/2023	06/15/2023	Get Alert
05/30/2023	
MDV
Modiv	12	$0.1	10.39%	03/14/2023	05/31/2023	06/26/2023	Get Alert
05/30/2023	
DNP
DNP Select Inc Fund	12	$0.07	7.02%	03/15/2023	05/31/2023	06/12/2023	Get Alert
05/25/2023	
FTV
Fortive	4	$0.07	0.43%	04/06/2023	05/26/2023	06/30/2023	Get Alert
05/24/2023	
AMAT
Applied Mat	4	$0.32	1.12%	03/13/2023	05/25/2023	06/15/2023	Get Alert
05/23/2023	
HIE
Miller/Howard High Income	12	$0.05	6.09%	04/03/2023	05/24/2023	05/31/2023	Get Alert
05/23/2023	
TEAF
Tortoise Essential Assets	12	$0.09	8.2%	02/09/2023	05/24/2023	05/31/2023	Get Alert
05/22/2023	
HGLB
Highland Glb Allocation	12	$0.08	11.15%	04/03/2023	05/23/2023	05/31/2023	Get Alert
05/22/2023	
LTC
LTC Properties	12	$0.19	6.49%	04/03/2023	05/23/2023	05/31/2023	Get Alert
05/22/2023	
BGB
Blackstone Strategic	12	$0.09	9.8%	03/13/2023	05/23/2023	05/31/2023	Get Alert
05/22/2023	
BGX
Blackstone Long-Short	12	$0.1	10.85%	03/13/2023	05/23/2023	05/31/2023	Get Alert
05/22/2023	
BSL
Blackstone Senior	12	$0.11	10.25%	03/13/2023	05/23/2023	05/31/2023	Get Alert
05/22/2023	
HYI
Western Asset High Yield	12	$0.09	9.12%	02/14/2023	05/23/2023	06/01/2023	Get Alert
05/22/2023	
MNP
Western Asset Municipal	12	$0.04	4.1%	02/14/2023	05/23/2023	06/01/2023	Get Alert
05/22/2023	
MHF
Western Asset Municipal	12	$0.02	3.55%	02/14/2023	05/23/2023	06/01/2023	Get Alert
05/22/2023	
MMU
Western Asset Managed	12	$0.04	4.15%	02/14/2023	05/23/2023	06/01/2023	Get Alert
05/22/2023	
SBI
Western Asset	12	$0.02	3.52%	02/14/2023	05/23/2023	06/01/2023	Get Alert
05/22/2023	
IGI
Western Asset Invstm Grd	12	$0.07	4.68%	02/14/2023	05/23/2023	06/01/2023	Get Alert
05/22/2023	
GDO
Western Asset Glb Corp	12	$0.1	9.19%	02/14/2023	05/23/2023	06/01/2023	Get Alert
05/22/2023	
EHI
Western Asset Global High	12	$0.07	10.66%	02/14/2023	05/23/2023	06/01/2023	Get Alert
05/22/2023	
HIO
Western Asset High Income	12	$0.03	8.91%	02/14/2023	05/23/2023	06/01/2023	Get Alert
05/22/2023	
HIX
Western Asset High Income	12	$0.05	10.5%	02/14/2023	05/23/2023	06/01/2023	Get Alert
05/22/2023	
WDI
Western Asset Diversified	12	$0.13	10.89%	02/14/2023	05/23/2023	06/01/2023	Get Alert
05/22/2023	
DMO
Western Asset Mortgage	12	$0.1	10.49%	02/14/2023	05/23/2023	06/01/2023	Get Alert
05/22/2023	
BWG
BrandywineGLOBAL	12	$0.08	11.12%	02/14/2023	05/23/2023	06/01/2023	Get Alert
05/22/2023	
EMD
Western Asset Emg Markets	12	$0.07	8.8%	02/14/2023	05/23/2023	06/01/2023	Get Alert
05/22/2023	
PAI
Western Asset Investment	12	$0.05	4.52%	02/14/2023	05/23/2023	06/01/2023	Get Alert
05/22/2023	
WEA
Western Asset Premier	12	$0.07	7.07%	02/14/2023	05/23/2023	06/01/2023	Get Alert
05/22/2023	
WIA
Western Asset Inflation	12	$0.05	6.73%	02/14/2023	05/23/2023	05/31/2023	Get Alert
05/22/2023	
WIW
Western Asset	12	$0.06	7.76%	02/14/2023	05/23/2023	05/31/2023	Get Alert
05/19/2023	
BGH
Barings Global Short	12	$0.11	9.27%	03/07/2023	05/22/2023	06/01/2023	Get Alert
05/18/2023	
PCF
High Income Securities	12	$0.06	11.56%	03/27/2023	05/19/2023	05/31/2023	Get Alert
05/18/2023	
BG
Bunge	4	$0.63	2.6%	02/22/2023	05/19/2023	06/02/2023	Get Alert
05/18/2023	
TEL
TE Connectivity	4	$0.59	1.87%	03/15/2023	05/19/2023	06/02/2023	Get Alert
05/17/2023	
UTG
Reaves Utility Income	12	$0.19	7.97%	04/06/2023	05/18/2023	05/31/2023	Get Alert
05/17/2023	
LH
Laboratory Corp	4	$0.72	1.23%	04/06/2023	05/18/2023	06/08/2023	Get Alert
05/17/2023	
IGR
CBRE Clarion Glb Real Est	12	$0.06	14.12%	03/29/2023	05/19/2023	05/31/2023	Get Alert
05/17/2023	
HP
Helmerich & Payne	4	$0.25	2.38%	03/01/2023	05/18/2023	06/01/2023	Get Alert
05/17/2023	
HP
Helmerich & Payne	Special	$0.23	0	03/01/2023	05/18/2023	06/01/2023	Get Alert
05/17/2023	
HRZN
Horizon Tech Finance	12	$0.11	10.57%	02/23/2023	05/18/2023	06/14/2023	Get Alert
05/17/2023	
MSFT
Microsoft	4	$0.68	1.07%	03/14/2023	05/18/2023	06/08/2023	Get Alert
05/17/2023	
AMGN
Amgen	4	$2.13	3.62%	03/07/2023	05/18/2023	06/08/2023	Get Alert
05/16/2023	
LNN
Lindsay	4	$0.34	1.02%	04/05/2023	05/17/2023	05/31/2023	Get Alert
05/16/2023	
OXSQ
Oxford Square Cap	12	$0.04	13.68%	03/21/2023	05/17/2023	05/31/2023	Get Alert
05/16/2023	
FTS
Fortis	4	$0.56	4.18%	02/09/2023	05/17/2023	06/01/2023	Get Alert
05/16/2023	
OXLC
Oxford Lane Capital	12	$0.07	15.6%	01/26/2023	05/17/2023	05/31/2023	Get Alert
05/16/2023	
TGT
Target	4	$1.08	2.64%	03/09/2023	05/17/2023	06/10/2023	Get Alert
05/15/2023	
PGZ
Principal Real Estate Inc	12	$0.1	13.32%	04/03/2023	05/16/2023	05/31/2023	Get Alert
05/15/2023	
SOR
Source Capital	12	$0.18	5.85%	02/28/2023	05/16/2023	05/31/2023	Get Alert
05/15/2023	
GNT
GAMCO Natural Resources	12	$0.03	7.06%	02/17/2023	05/16/2023	05/23/2023	Get Alert
05/15/2023	
GDV
Gabelli Dividend & Income	12	$0.11	6.01%	02/17/2023	05/16/2023	05/23/2023	Get Alert
05/15/2023	
GGN
GAMCO Global Gold Natural	12	$0.03	9.76%	02/17/2023	05/16/2023	05/23/2023	Get Alert
05/15/2023	
GUT
Gabelli Utility	12	$0.05	8.46%	02/17/2023	05/16/2023	05/23/2023	Get Alert
05/15/2023	
GLU
Gabelli Global Utility	12	$0.1	8.01%	02/17/2023	05/16/2023	05/23/2023	Get Alert
05/12/2023	
MUR
Murphy Oil	4	$0.28	2.84%	04/05/2023	05/15/2023	06/01/2023	Get Alert
05/12/2023	
ROK
Rockwell Automation	4	$1.18	1.62%	04/04/2023	05/15/2023	06/12/2023	Get Alert
05/12/2023	
UMH
UMH Properties	4	$0.2	5.54%	04/03/2023	05/15/2023	06/15/2023	Get Alert
05/12/2023	
MMD
MainStay MacKay	12	$0.07	5.18%	04/03/2023	05/15/2023	05/31/2023	Get Alert
05/12/2023	
JEF
Jefferies Financial Gr	4	$0.3	3.98%	03/28/2023	05/15/2023	05/26/2023	Get Alert
05/12/2023	
DTF
DTFTax-Free Income	12	$0.03	3.59%	03/15/2023	05/15/2023	05/31/2023	Get Alert
05/12/2023	
KR
Kroger	4	$0.26	2.19%	03/09/2023	05/15/2023	06/01/2023	Get Alert
05/12/2023	
SWX
Southwest Gas Hldgs	4	$0.62	3.87%	02/23/2023	05/15/2023	06/01/2023	Get Alert
05/12/2023	
CLM
Cornerstone Strategic	12	$0.12	17.8%	02/13/2023	05/15/2023	05/31/2023	Get Alert
05/12/2023	
CRF
Cornerstone Total Return	12	$0.12	17.71%	02/13/2023	05/15/2023	05/31/2023	Get Alert
05/12/2023	
SRV
Cushing MLP & Infr Total	12	$0.45	14.99%	02/01/2023	05/15/2023	05/31/2023	Get Alert
05/11/2023	
SBUX
Starbucks	4	$0.53	2.04%	04/03/2023	05/12/2023	05/26/2023	Get Alert
05/11/2023	
ODC
Oil-Dri Corp of America	4	$0.28	2.97%	03/22/2023	05/12/2023	05/26/2023	Get Alert
05/11/2023	
DALN
DallasNews	4	$0.16	14.07%	03/09/2023	05/12/2023	06/02/2023	Get Alert
05/11/2023	
BSET
Bassett Furniture Indus	4	$0.16	3.46%	03/09/2023	05/12/2023	05/26/2023	Get Alert
05/11/2023	
ISD
PGIM High Yield Fund	12	$0.1	10.02%	02/28/2023	05/12/2023	05/31/2023	Get Alert
05/11/2023	
GHY
PGIM Global High Yield	12	$0.1	10.87%	02/28/2023	05/12/2023	05/31/2023	Get Alert
05/11/2023	
SDHY
PGIM Short Duration High	12	$0.11	8.48%	02/28/2023	05/12/2023	05/31/2023	Get Alert
05/11/2023	
WTRG
Essential Utilities	4	$0.29	2.53%	02/22/2023	05/12/2023	06/01/2023	Get Alert
05/11/2023	
EQNR
Equinor	4	$0.3	4.1%	02/08/2023	05/12/2023	05/25/2023	Get Alert
05/10/2023	
TJX
TJX Companies	4	$0.33	1.76%	03/28/2023	05/11/2023	06/01/2023	Get Alert
05/10/2023	
ECC
Eagle Point Credit Co	Special	$0.02	0	02/22/2023	05/11/2023	05/31/2023	Get Alert
05/10/2023	
ECC
Eagle Point Credit Co	12	$0.14	15.54%	02/22/2023	05/11/2023	05/31/2023	Get Alert
05/10/2023	
ACV
Virtus AllianzGI	12	$0.18	10.55%	03/03/2023	05/11/2023	06/01/2023	Get Alert
05/10/2023	
AIO
AllianzGI Artificial	12	$0.15	10.38%	03/03/2023	05/11/2023	06/01/2023	Get Alert
05/10/2023	
NCZ
Virtus Convertible	12	$0.03	11.32%	03/03/2023	05/11/2023	06/01/2023	Get Alert
05/10/2023	
NCV
Virtus Convertible	12	$0.03	10.91%	03/03/2023	05/11/2023	06/01/2023	Get Alert
05/10/2023	
CBH
AllianzGI Convertible	12	$0.05	6.32%	03/03/2023	05/11/2023	06/01/2023	Get Alert
05/10/2023	
ZTR
Virtus Total Return Fund	12	$0.08	14.79%	03/01/2023	05/11/2023	05/23/2023	Get Alert
05/10/2023	
VGI
Virtus Glb Multi-Sector	12	$0.08	12.05%	03/01/2023	05/11/2023	05/23/2023	Get Alert
05/10/2023	
EDI
Virtus Stone Harbor	12	$0.07	15.27%	03/01/2023	05/11/2023	05/23/2023	Get Alert
05/10/2023	
EDF
Virtus Stone Harbor	12	$0.06	14.2%	03/01/2023	05/11/2023	05/23/2023	Get Alert
05/10/2023	
EIC
Eagle Point Income	12	$0.16	13.2%	02/22/2023	05/11/2023	05/31/2023	Get Alert
05/09/2023	
FOF
Cohen & Steers Closed-end	12	$0.09	9.91%	03/27/2023	05/10/2023	05/31/2023	Get Alert
05/09/2023	
PTA
COHEN & STEERS TAX-ADV	12	$0.13	9.72%	03/27/2023	05/10/2023	05/31/2023	Get Alert
05/09/2023	
PSF
Cohen & Steers Select	12	$0.14	9.18%	03/27/2023	05/10/2023	05/31/2023	Get Alert
05/09/2023	
LDP
Cohen & Steers Ltd	12	$0.14	9.49%	03/27/2023	05/10/2023	05/31/2023	Get Alert
05/09/2023	
RFI
Cohen & Steers Total	12	$0.08	8.35%	03/27/2023	05/10/2023	05/31/2023	Get Alert
05/09/2023	
RLTY
Cohen & Steers Real	12	$0.1	9.68%	03/27/2023	05/10/2023	05/31/2023	Get Alert
05/09/2023	
RQI
COHEN & STEERS QUALITY	12	$0.08	8.72%	03/27/2023	05/10/2023	05/31/2023	Get Alert
05/09/2023	
RNP
Cohen & Steers REIT	12	$0.14	8.92%	03/27/2023	05/10/2023	05/31/2023	Get Alert
05/09/2023	
UTF
Cohen & Steers Infr Fund	12	$0.15	8.32%	03/27/2023	05/10/2023	05/31/2023	Get Alert
05/05/2023	
GROW
US Global Investors	12	$0.01	3.41%	03/10/2023	05/08/2023	05/22/2023	Get Alert
05/05/2023	
MAIN
Main Street Capital	12	$0.23	6.86%	02/22/2023	05/08/2023	05/15/2023	Get Alert
05/04/2023	
RELL
Richardson Electronics	4	$0.06	1.11%	04/05/2023	05/05/2023	05/24/2023	Get Alert
05/04/2023	
LW
Lamb Weston Hldgs	4	$0.28	1.12%	03/23/2023	05/05/2023	06/02/2023	Get Alert
05/04/2023	
FE
FirstEnergy	4	$0.39	3.96%	03/22/2023	05/05/2023	06/01/2023	Get Alert
05/04/2023	
CMCO
Columbus McKinnon	4	$0.07	0.8%	03/20/2023	05/05/2023	05/15/2023	Get Alert
05/04/2023	
INTC
Intel	4	$0.13	1.92%	02/22/2023	05/07/2023	06/01/2023	Get Alert
05/04/2023	
WMT
Walmart	4	$0.57	1.56%	02/21/2023	05/05/2023	05/30/2023	Get Alert
05/04/2023	
TX
Ternium	2	$0.9	4.75%	02/14/2023	05/05/2023	05/10/2023	Get Alert
05/03/2023	
LEVI
Levi Strauss	4	$0.12	2.66%	04/06/2023	05/04/2023	05/18/2023	Get Alert
05/02/2023	
VSEC
VSE	4	$0.1	0.7%	03/08/2023	05/03/2023	05/17/2023	Get Alert
05/02/2023	
AMSWA
American Software	4	$0.11	3.13%	02/22/2023	05/03/2023	05/17/2023	Get Alert
05/01/2023	
WSR
Whitestone REIT	12	$0.04	5.04%	03/09/2023	05/02/2023	05/11/2023	Get Alert
04/28/2023	
C
Citigroup	4	$0.51	4.35%	04/03/2023	05/01/2023	05/26/2023	Get Alert
04/28/2023	
LCUT
Lifetime Brands	4	$0.04	2.83%	03/08/2023	05/01/2023	05/15/2023	Get Alert
04/28/2023	
CASY
Casey's General Stores	4	$0.38	0.72%	03/07/2023	05/01/2023	05/15/2023	Get Alert
04/28/2023	
ATLO
Ames National	4	$0.27	4.42%	02/08/2023	05/01/2023	05/15/2023	Get Alert
04/28/2023	
AES
AES	4	$0.17	2.61%	02/24/2023	05/01/2023	05/15/2023	Get Alert
04/28/2023	
HAS
Hasbro	4	$0.7	4.88%	02/13/2023	05/01/2023	05/15/2023	Get Alert
04/27/2023	
EPD
Enterprise Prods Partners	4	$0.49	7.49%	04/05/2023	04/28/2023	05/12/2023	Get Alert
04/27/2023	
CNXC
Concentrix	4	$0.28	0.92%	03/29/2023	04/28/2023	05/09/2023	Get Alert
04/27/2023	
SCHL
Scholastic	4	$0.2	1.84%	03/22/2023	04/28/2023	06/15/2023	Get Alert
04/27/2023	
FRD
Friedman Industries	4	$0.02	0.69%	03/21/2023	04/28/2023	05/26/2023	Get Alert
04/27/2023	
BMO
Bank of Montreal	4	$1.43	4.37%	02/28/2023	04/28/2023	05/26/2023	Get Alert
04/27/2023	
SIG
Signet Jewelers	4	$0.23	1.36%	03/16/2023	04/28/2023	05/26/2023	Get Alert
04/27/2023	
MDV
Modiv	12	$0.1	10.39%	03/14/2023	04/28/2023	05/25/2023	Get Alert
04/27/2023	
NI
NiSource	4	$0.25	3.66%	03/14/2023	04/28/2023	05/19/2023	Get Alert
04/27/2023	
DNP
DNP Select Inc Fund	12	$0.07	7.02%	03/15/2023	04/28/2023	05/10/2023	Get Alert
04/27/2023	
SAN
Banco Santander	2	$0.06	3.26%	03/03/2023	04/28/2023	05/05/2023	Get Alert
04/27/2023	
RELX
RELX	2	$0.47	3.18%	02/16/2023	04/28/2023	06/12/2023	Get Alert
04/27/2023	
PNM
PNM Resources	4	$0.37	2.99%	02/28/2023	04/28/2023	05/12/2023	Get Alert
04/27/2023	
NVT
nVent Electric	4	$0.17	1.53%	02/28/2023	04/28/2023	05/12/2023	Get Alert
04/27/2023	
VRTS
Virtus Investment	4	$1.65	3.15%	02/23/2023	04/28/2023	05/15/2023	Get Alert
04/27/2023	
ARC
ARC Document Solutions	4	$0.05	5.42%	02/09/2023	04/28/2023	05/31/2023	Get Alert
04/26/2023	
ING
ING Groep	2	$0.41	6.07%	03/10/2023	04/27/2023	05/12/2023	Get Alert
04/25/2023	
F
Ford Motor	4	$0.15	4.83%	04/06/2023	04/26/2023	06/01/2023	Get Alert
04/25/2023	
CALM
Cal-Maine Foods	4	$2.2	15.92%	03/28/2023	04/26/2023	05/11/2023	Get Alert
04/25/2023	
LOW
Lowe's Companies	4	$1.05	2.21%	03/24/2023	04/26/2023	05/10/2023	Get Alert
04/25/2023	
EC
Ecopetrol	1	$0.83	7.35%	03/08/2023	04/26/2023	05/04/2023	Get Alert
04/25/2023	
WST
West Pharmaceutical Servs	4	$0.19	0.24%	03/03/2023	04/26/2023	05/03/2023	Get Alert
04/25/2023	
CLX
Clorox	4	$1.18	3.09%	02/14/2023	04/26/2023	05/12/2023	Get Alert
04/25/2023	
PSEC
Prospect Capital	12	$0.06	9.59%	02/08/2023	04/26/2023	05/18/2023	Get Alert
04/25/2023	
DNUT
Krispy Kreme	4	$0.04	1.11%	02/08/2023	04/26/2023	05/10/2023	Get Alert
04/24/2023	
GBX
Greenbrier Companies	4	$0.27	3.33%	04/04/2023	04/25/2023	05/16/2023	Get Alert
04/24/2023	
RY
Royal Bank of Canada	4	$1.32	3.82%	03/01/2023	04/25/2023	05/24/2023	Get Alert
04/24/2023	
DELL
Dell Technologies	4	$0.37	3.66%	03/02/2023	04/25/2023	05/05/2023	Get Alert
04/24/2023	
RACE
Ferrari	1	$1.81	0.69%	02/24/2023	04/25/2023	05/05/2023	Get Alert
04/21/2023	
SCHN
Schnitzer Steel Indus	4	$0.19	2.47%	04/05/2023	04/24/2023	05/08/2023	Get Alert
04/21/2023	
PBHC
Pathfinder Bancorp	4	$0.09	2.08%	04/03/2023	04/24/2023	05/19/2023	Get Alert
04/21/2023	
EVM
Eaton Vance California	12	$0.03	4.07%	04/03/2023	04/24/2023	04/28/2023	Get Alert
04/21/2023	
EIM
Eaton Vance Municipal	12	$0.04	4.08%	04/03/2023	04/24/2023	04/28/2023	Get Alert
04/21/2023	
ETX
Eaton Vance Municipal	12	$0.06	4.16%	04/03/2023	04/24/2023	04/28/2023	Get Alert
04/21/2023	
EOT
Eaton Vance National	12	$0.06	4.24%	04/03/2023	04/24/2023	04/28/2023	Get Alert
04/21/2023	
ENX
Eaton Vance New York	12	$0.03	3.67%	04/03/2023	04/24/2023	04/28/2023	Get Alert
04/21/2023	
EFT
Eaton Vance Floating-rate	12	$0.11	11.57%	04/03/2023	04/24/2023	04/28/2023	Get Alert
04/21/2023	
EFR
Eaton Vance Senior	12	$0.1	10.91%	04/03/2023	04/24/2023	04/28/2023	Get Alert
04/21/2023	
EVG
Eaton Vance Short	12	$0.08	8.72%	04/03/2023	04/24/2023	04/28/2023	Get Alert
04/21/2023	
EOI
Eaton Vance Enhanced	12	$0.11	8.63%	04/03/2023	04/24/2023	04/28/2023	Get Alert
04/21/2023	
EOS
Eaton Vance Enhanced	12	$0.12	8.43%	04/03/2023	04/24/2023	04/28/2023	Get Alert
04/21/2023	
ETJ
Eaton Vance Risk-Managed	12	$0.06	8.74%	04/03/2023	04/24/2023	04/28/2023	Get Alert
04/21/2023	
EVT
EATON VANCE TAX	12	$0.15	7.9%	04/03/2023	04/24/2023	04/28/2023	Get Alert
04/21/2023	
ETG
Eaton Vance Tax Advgd Gbl	12	$0.1	7.44%	04/03/2023	04/24/2023	04/28/2023	Get Alert
04/21/2023	
ETO
Eaton Vance Tax-advtgd	12	$0.14	7.42%	04/03/2023	04/24/2023	04/28/2023	Get Alert
04/21/2023	
ETB
Eaton Vance Tax-Managed	12	$0.09	8.57%	04/03/2023	04/24/2023	04/28/2023	Get Alert
04/21/2023	
ETV
Eaton Vance Tax-Managed	12	$0.09	9.02%	04/03/2023	04/24/2023	04/28/2023	Get Alert
04/21/2023	
ETY
Eaton Vance Tax-mgd Dvsf	12	$0.08	8.28%	04/03/2023	04/24/2023	04/28/2023	Get Alert
04/21/2023	
ETW
Eaton Vance Tax-mangd Glo	12	$0.06	8.64%	04/03/2023	04/24/2023	04/28/2023	Get Alert
04/21/2023	
EXG
Eaton Vance Tax-Mgd Glbl	12	$0.06	8.5%	04/03/2023	04/24/2023	04/28/2023	Get Alert
04/21/2023	
PMM
Putnam Managed Municipal	12	$0.02	4.36%	03/24/2023	04/24/2023	05/01/2023	Get Alert
04/21/2023	
PIM
Putnam Master	12	$0.02	8.35%	03/24/2023	04/24/2023	05/01/2023	Get Alert
04/21/2023	
PPT
Putnam Premier Income	12	$0.03	8.79%	03/24/2023	04/24/2023	05/01/2023	Get Alert
04/21/2023	
PMO
Putnam Municipal Opps	12	$0.04	3.73%	03/24/2023	04/24/2023	05/01/2023	Get Alert
04/20/2023	
VFL
Delaware Investments	12	$0.04	5.08%	04/04/2023	04/21/2023	04/28/2023	Get Alert
04/20/2023	
HGLB
Highland Glb Allocation	12	$0.08	11.15%	04/03/2023	04/21/2023	04/28/2023	Get Alert
04/20/2023	
HIE
Miller/Howard High Income	12	$0.05	6.09%	04/03/2023	04/21/2023	04/28/2023	Get Alert
04/20/2023	
ORBT
Orbit International	Special	$0.03	0	03/30/2023	04/21/2023	04/28/2023	Get Alert
04/20/2023	
ORBT
Orbit International	4	$0.01	0.59%	03/30/2023	04/21/2023	04/28/2023	Get Alert
04/20/2023	
SM
SM Energy	4	$0.15	2.16%	03/28/2023	04/21/2023	05/05/2023	Get Alert
04/20/2023	
TEAF
Tortoise Essential Assets	12	$0.09	8.2%	02/09/2023	04/21/2023	04/28/2023	Get Alert
04/20/2023	
CCU
United Breweries Co	2	$0.06	0.77%	03/09/2023	04/21/2023		Get Alert
04/20/2023	
PDCO
Patterson Cos	4	$0.26	3.98%	03/14/2023	04/21/2023	05/05/2023	Get Alert
04/20/2023	
CVS
CVS Health	4	$0.6	3.21%	03/16/2023	04/21/2023	05/01/2023	Get Alert
04/20/2023	
WSM
Williams-Sonoma	4	$0.9	3.04%	03/16/2023	04/21/2023	05/26/2023	Get Alert
04/20/2023	
BGB
Blackstone Strategic	12	$0.09	9.8%	03/13/2023	04/21/2023	04/28/2023	Get Alert
04/20/2023	
BGX
Blackstone Long-Short	12	$0.1	10.85%	03/13/2023	04/21/2023	04/28/2023	Get Alert
04/20/2023	
BSL
Blackstone Senior	12	$0.11	10.25%	03/13/2023	04/21/2023	04/28/2023	Get Alert
04/20/2023	
CL
Colgate-Palmolive	4	$0.48	2.67%	03/09/2023	04/21/2023	05/15/2023	Get Alert
04/20/2023	
HYI
Western Asset High Yield	12	$0.09	9.12%	02/14/2023	04/21/2023	05/01/2023	Get Alert
04/20/2023	
MNP
Western Asset Municipal	12	$0.04	4.1%	02/14/2023	04/21/2023	05/01/2023	Get Alert
04/20/2023	
MHF
Western Asset Municipal	12	$0.02	3.55%	02/14/2023	04/21/2023	05/01/2023	Get Alert
04/20/2023	
MMU
Western Asset Managed	12	$0.04	4.15%	02/14/2023	04/21/2023	05/01/2023	Get Alert
04/20/2023	
SBI
Western Asset	12	$0.02	3.52%	02/14/2023	04/21/2023	05/01/2023	Get Alert
04/20/2023	
IGI
Western Asset Invstm Grd	12	$0.07	4.68%	02/14/2023	04/21/2023	05/01/2023	Get Alert
04/20/2023	
GDO
Western Asset Glb Corp	12	$0.1	9.19%	02/14/2023	04/21/2023	05/01/2023	Get Alert
04/20/2023	
EHI
Western Asset Global High	12	$0.07	10.66%	02/14/2023	04/21/2023	05/01/2023	Get Alert
04/20/2023	
HIO
Western Asset High Income	12	$0.03	8.91%	02/14/2023	04/21/2023	05/01/2023	Get Alert
04/20/2023	
HIX
Western Asset High Income	12	$0.05	10.5%	02/14/2023	04/21/2023	05/01/2023	Get Alert
04/20/2023	
WDI
Western Asset Diversified	12	$0.13	10.89%	02/14/2023	04/21/2023	05/01/2023	Get Alert
04/20/2023	
DMO
Western Asset Mortgage	12	$0.1	10.49%	02/14/2023	04/21/2023	05/01/2023	Get Alert
04/20/2023	
PNR
Pentair	4	$0.22	1.55%	02/20/2023	04/21/2023	05/05/2023	Get Alert
04/20/2023	
BWG
BrandywineGLOBAL	12	$0.08	11.12%	02/14/2023	04/21/2023	05/01/2023	Get Alert
04/20/2023	
EMD
Western Asset Emg Markets	12	$0.07	8.8%	02/14/2023	04/21/2023	05/01/2023	Get Alert
04/20/2023	
PAI
Western Asset Investment	12	$0.05	4.52%	02/14/2023	04/21/2023	05/01/2023	Get Alert
04/20/2023	
WEA
Western Asset Premier	12	$0.07	7.07%	02/14/2023	04/21/2023	05/01/2023	Get Alert
04/20/2023	
WIA
Western Asset Inflation	12	$0.05	6.73%	02/14/2023	04/21/2023	04/28/2023	Get Alert
04/20/2023	
WIW
Western Asset	12	$0.06	7.76%	02/14/2023	04/21/2023	04/28/2023	Get Alert
04/20/2023	
STEW
SRH Total Return Fund	4	$0.13	3.85%	02/09/2023	04/21/2023	04/28/2023	Get Alert
04/20/2023	
ZTS
Zoetis	4	$0.38	0.91%	02/08/2023	04/21/2023	06/01/2023	Get Alert
04/20/2023	
APA
APA	4	$0.25	2.36%	02/03/2023	04/21/2023	05/22/2023	Get Alert
04/20/2023	
PKI
PerkinElmer	4	$0.07	0.21%	01/26/2023	04/21/2023	05/12/2023	Get Alert
04/20/2023	
PFO
Flaherty & Crumrine Prfd	12	$0.05	6.28%	01/20/2023	04/21/2023	04/28/2023	Get Alert
04/20/2023	
FFC
Flaherty & Crumrine	12	$0.09	6.62%	01/20/2023	04/21/2023	04/28/2023	Get Alert
04/20/2023	
FLC
Flaherty & Crumrine Total	12	$0.1	6.67%	01/20/2023	04/21/2023	04/28/2023	Get Alert
04/20/2023	
DFP
Flaherty & Crumrine	12	$0.11	6.58%	01/20/2023	04/21/2023	04/28/2023	Get Alert
04/20/2023	
PFD
Flaherty & Crumrine Prefd	12	$0.06	5.74%	01/20/2023	04/21/2023	04/28/2023	Get Alert
04/19/2023	
FUL
H.B. Fuller	4	$0.2	1.26%	04/06/2023	04/20/2023	05/04/2023	Get Alert
04/19/2023	
DMB
BNY Mellon Municipal Bond	12	$0.04	4.2%	04/04/2023	04/20/2023	05/01/2023	Get Alert
04/19/2023	
CODI
Compass Diversified Hldgs	4	$0.25	5.24%	04/03/2023	04/20/2023	04/27/2023	Get Alert
04/19/2023	
LTC
LTC Properties	12	$0.19	6.49%	04/03/2023	04/20/2023	04/28/2023	Get Alert
04/19/2023	
GHC
Graham Hldgs	4	$1.65	1%	02/23/2023	04/20/2023	05/11/2023	Get Alert
04/19/2023	
BGH
Barings Global Short	12	$0.11	9.22%	02/07/2023	04/20/2023	05/01/2023	Get Alert
04/18/2023	
UTG
Reaves Utility Income	12	$0.19	7.97%	04/06/2023	04/19/2023	04/28/2023	Get Alert
04/18/2023	
MXF
Mexico Fund	4	$0.2	4.77%	03/10/2023	04/19/2023	04/27/2023	Get Alert
04/18/2023	
MFV
MFS Special Value	12	$0.04	10.4%	04/03/2023	04/19/2023	04/28/2023	Get Alert
04/18/2023	
MFM
MFS Municipal IT	12	$0.02	3.93%	04/03/2023	04/19/2023	04/28/2023	Get Alert
04/18/2023	
MMT
MFS Multimarket IT	12	$0.03	8.7%	04/03/2023	04/19/2023	04/28/2023	Get Alert
04/18/2023	
MIN
MFS Intermediate IT	12	$0.02	9.23%	04/03/2023	04/19/2023	04/28/2023	Get Alert
04/18/2023	
CXH
Mfs Investment	12	$0.02	3.73%	04/03/2023	04/19/2023	04/28/2023	Get Alert
04/18/2023	
CIF
Mfs Intermediate High Inc	12	$0.01	10.21%	04/03/2023	04/19/2023	04/28/2023	Get Alert
04/18/2023	
CXE
Mfs High Inc Municipal	12	$0.01	4.27%	04/03/2023	04/19/2023	04/28/2023	Get Alert
04/18/2023	
CMU
Mfs High Yield Municipal	12	$0.01	4.11%	04/03/2023	04/19/2023	04/28/2023	Get Alert
04/18/2023	
MGF
MFS Government Markets	12	$0.02	7.71%	04/03/2023	04/19/2023	04/28/2023	Get Alert
04/18/2023	
MCR
MFS Charter Income	12	$0.05	8.64%	04/03/2023	04/19/2023	04/28/2023	Get Alert
04/18/2023	
CMRE
Costamare	4	$0.12	4.89%	04/03/2023	04/19/2023	05/05/2023	Get Alert
04/18/2023	
WAYN
Wayne Savings Bancshares	4	$0.23	3.36%	03/30/2023	04/19/2023	05/03/2023	Get Alert
04/18/2023	
PCF
High Income Securities	12	$0.06	11.56%	03/27/2023	04/19/2023	04/28/2023	Get Alert
04/18/2023	
IGR
CBRE Clarion Glb Real Est	12	$0.06	14.12%	03/29/2023	04/20/2023	04/28/2023	Get Alert
04/17/2023	
PNC
PNC Finl Servs Gr	4	$1.5	4.72%	04/03/2023	04/18/2023	05/05/2023	Get Alert
04/17/2023	
SAND
Sandstorm Gold	4	$0.02	1.01%	03/31/2023	04/18/2023	04/28/2023	Get Alert
04/17/2023	
ESLT
Elbit Systems	4	$0.5	1.12%	03/28/2023	04/18/2023	05/01/2023	Get Alert
04/17/2023	
HRZN
Horizon Tech Finance	12	$0.11	10.57%	02/23/2023	04/18/2023	05/16/2023	Get Alert
04/17/2023	
SOR
Source Capital	12	$0.18	5.85%	02/28/2023	04/18/2023	04/28/2023	Get Alert
04/17/2023	
SRV
Cushing MLP & Infr Total	12	$0.45	14.99%	02/01/2023	04/18/2023	04/28/2023	Get Alert