A
AA
AAC
AACG
AACQ
AACQU
AACQW
AAIC
AAIC^B
AAIC^C
AAL
AAMC
AAME
AAN
AAOI
AAON
AAP
AAPL
AAQC
AAT
AAU
AAWW
AB
ABB
ABBV
ABC
ABCB
ABCL
ABCM
ABEO
ABEV
ABG
ABGI
ABIO
ABM
ABMD
ABNB
ABR
ABR^A
ABR^B
ABR^C
ABST
ABT
ABTX
ABUS
AC
ACA
ACAC
ACACU
ACACW
ACAD
ACAH
ACAHU
ACAHW
ACB
ACBAU
ACBI
ACC
ACCD
ACCO
ACEL
ACER
ACET
ACEV
ACEVU
ACEVW
ACGL
ACGLO
ACGLP
ACH
ACHC
ACHL
ACHV
ACI
ACIC
ACII
ACIU
ACIW
ACKIT
ACKIU
ACKIW
ACLS
ACM
ACMR
ACN
ACNB
ACND
ACOR
ACP
ACQRU
ACR
ACR^C
ACRE
ACRS
ACRX
ACST
ACTC
ACTCU
ACTCW
ACTDU
ACTG
ACU
ACV
ACVA
ACY
ADAG
ADAP
ADBE
ADC
ADCT
ADER
ADERU
ADERW
ADES
ADEX
ADFI
ADI
ADIL
ADILW
ADM
ADMA
ADME
ADMP
ADMS
ADN
ADNT
ADNWW
ADOC
ADOCR
ADOCW
ADP
ADPT
ADRA
ADS
ADSK
ADT
ADTN
ADTX
ADUS
ADV
ADVM
ADVWW
ADX
ADXN
ADXS
AE
AEAC
AEACU
AEACW
AEB
AEE
AEF
AEFC
AEG
AEGN
AEHL
AEHR
AEI
AEIS
AEL
AEL^A
AEL^B
AEM
AEMD
AENZ
AEO
AEP
AEPPL
AEPPZ
AER
AERI
AES
AESC
AESE
AESR
AEVA
AEY
AEYE
AEZS
AFAQU
AFB
AFBI
AFCG
AFG
AFGB
AFGC
AFGD
AFGE
AFI
AFIB
AFIN
AFINO
AFINP
AFL
AFMD
AFRM
AFT
AFYA
AG
AGAC
AGBA
AGBAR
AGBAW
AGC
AGCB
AGCO
AGCUU
AGCWW
AGD
AGE
AGEN
AGFS
AGFY
AGGRU
AGGRW
AGI
AGIO
AGL
AGLE
AGM
AGM^C
AGM^D
AGM^E
AGM^F
AGMH
AGNC
AGNCM
AGNCN
AGNCO
AGNCP
AGO
AGO^B
AGO^E
AGO^F
AGR
AGRO
AGRX
AGS
AGTC
AGTI
AGX
AGYS
AHAC
AHACU
AHACW
AHC
AHCO
AHH
AHH^A
AHL^C
AHL^D
AHL^E
AHPI
AHT
AHT^D
AHT^F
AHT^G
AHT^H
AHT^I
AI
AIC
AIF
AIG
AIG^A
AIH
AIHS
AIKI
AIM
AIMC
AIN
AINC
AINV
AIO
AIR
AIRC
AIRG
AIRI
AIRT
AIRTP
AIRTW
AIT
AIV
AIW
AIZ
AIZN
AJAX
AJG
AJRD
AJX
AJXA
AKAM
AKBA
AKIC
AKICU
AKICW
AKO/A
AKO/B
AKR
AKRO
AKTS
AKTX
AKU
AKUS
AKYA
AL
AL^A
ALAC
ALACR
ALACW
ALB
ALBO
ALC
ALCO
ALDX
ALE
ALEC
ALEX
ALF
ALFIW
ALG
ALGM
ALGN
ALGS
ALGT
ALHC
ALIM
ALIN^A
ALIN^B
ALIN^E
ALJJ
ALK
ALKS
ALKT
ALL
ALL^B
ALL^G
ALL^H
ALL^I
ALLE
ALLK
ALLO
ALLT
ALLY
ALLY^A
ALNA
ALNY
ALOT
ALP^Q
ALPN
ALRM
ALRN
ALRS
ALSK
ALSN
ALT
ALTA
ALTG
ALTG^A
ALTM
ALTO
ALTR
ALTU
ALTUU
ALTUW
ALUS
ALV
ALVR
ALX
ALXN
ALXO
ALYA
AM
AMAL
AMAO
AMAOU
AMAOW
AMAT
AMBA
AMBC
AMBO
AMC
AMCR
AMCX
AMD
AME
AMED
AMEH
AMER
AMG
AMGN
AMH
AMH^D
AMH^E
AMH^F
AMH^G
AMH^H
AMHC
AMHCU
AMHCW
AMK
AMKR
AMN
AMNB
AMOT
AMOV
AMP
AMPE
AMPG
AMPGW
AMPH
AMPI
AMPY
AMR
AMRB
AMRC
AMRK
AMRN
AMRS
AMRX
AMS
AMSC
AMSF
AMST
AMSWA
AMT
AMTB
AMTBB
AMTI
AMTX
AMWD
AMWL
AMX
AMYT
AMZN
AN
ANAB
ANAC
ANAT
ANDA
ANDAR
ANDAW
ANDE
ANEB
ANET
ANF
ANGI
ANGN
ANGO
ANIK
ANIP
ANIX
ANNX
ANPC
ANSS
ANTE
ANTM
ANVS
ANY
ANZU
ANZUU
ANZUW
AOD
AON
AONE
AOS
AOSL
AOUT
AP
APA
APAM
APD
APDN
APEI
APEN
APG
APGB
APH
API
APLE
APLS
APLT
APM
APO
APO^A
APO^B
APOG
APOP
APOPW
APP
APPF
APPH
APPHW
APPN
APPS
APR
APRE
APRN
APRZ
APSG
APT
APTO
APTS
APTV
APTV^A
APTX
APVO
APWC
APXT
APXTU
APXTW
APYX
AQB
AQMS
AQN
AQNA
AQNB
AQST
AQUA
AR
ARAV
ARAY
ARBG
ARBGU
ARBGW
ARC
ARCB
ARCC
ARCE
ARCH
ARCO
ARCT
ARD
ARDC
ARDS
ARDX
ARE
AREC
ARES
ARES^A
ARGD
ARGO
ARGO^A
ARGX
ARI
ARKO
ARKOW
ARKR
ARKX
ARL
ARLO
ARLP
ARMK
ARMP
ARNA
ARNC
AROC
AROW
ARPO
ARQT
ARR
ARR^C
ARRW
ARRWU
ARRWW
ARRY
ARTL
ARTLW
ARTNA
ARTW
ARVL
ARVLW
ARVN
ARW
ARWR
ARYA
ARYD
ASA
ASAI
ASAN
ASAQ
ASAX
ASAXU
ASAXW
ASB
ASB^C
ASB^D
ASB^E
ASB^F
ASC
ASG
ASGI
ASGN
ASH
ASIX
ASLE
ASLEW
ASLN
ASM
ASMB
ASML
ASND
ASO
ASPC
ASPCU
ASPCW
ASPL
ASPN
ASPS
ASPU
ASR
ASRT
ASRV
ASRVP
ASTC
ASTE
ASTS
ASTSW
ASUR
ASX
ASXC
ASYS
ASZ
AT
ATA
ATAC
ATAQ
ATAX
ATC
ATCO
ATCO^D
ATCO^E
ATCO^G
ATCO^H
ATCO^I
ATCX
ATEC
ATEN
ATER
ATEX
ATGE
ATH
ATH^A
ATH^B
ATH^C
ATH^D
ATHA
ATHE
ATHM
ATHN
ATHX
ATI
ATIF
ATKR
ATLC
ATLO
ATMR
ATNF
ATNFW
ATNI
ATNM
ATNX
ATO
ATOM
ATOS
ATR
ATRA
ATRC
ATRI
ATRO
ATRS
ATSG
ATSPU
ATSPW
ATTO
ATUS
ATVCU
ATVI
ATXI
AU
AUB
AUBAP
AUBN
AUD
AUDC
AUGZ
AUMN
AUPH
AURC
AURCU
AURCW
AUS
AUTL
AUTO
AUUD
AUUDW
AUVI
AUY
AVA
AVAH
AVAL
AVAN
AVAV
AVB
AVCO
AVCT
AVCTW
AVD
AVDG
AVDL
AVDR
AVEO
AVGO
AVGOP
AVGR
AVID
AVIR
AVK
AVLR
AVNS
AVNT
AVNW
AVO
AVRO
AVT
AVTR
AVTR^A
AVXL
AVY
AVYA
AWF
AWH
AWI
AWK
AWP
AWR
AWRE
AWX
AX
AXAS
AXDX
AXGN
AXL
AXLA
AXNX
AXON
AXP
AXR
AXS
AXS^E
AXSM
AXTA
AXTI
AXU
AY
AYI
AYLA
AYRO
AYTU
AYX
AZEK
AZN
AZO
AZPN
AZRE
AZRX
AZUL
AZYO
AZZ
B
BA
BABA
BAC
BAC^B
BAC^E
BAC^K
BAC^L
BAC^M
BAC^N
BAC^O
BAC^P
BAH
BAK
BALY
BAM
BAMH
BAMI
BANC
BANC^E
BAND
BANF
BANFP
BANR
BANX
BAOS
BAP
BATL
BATRA
BATRK
BAX
BB
BBAR
BBBY
BBCP
BBD
BBDC
BBDO
BBGI
BBI
BBIG
BBIO
BBL
BBN
BBQ
BBSI
BBU
BBVA
BBW
BBY
BC
BC^A
BC^B
BC^C
BCAB
BCAC
BCACU
BCACW
BCAT
BCBP
BCC
BCDA
BCDAW
BCE
BCEI
BCEL
BCH
BCLI
BCML
BCO
BCOR
BCOV
BCOW
BCPC
BCRX
BCS
BCSF
BCTG
BCTX
BCTXW
BCV
BCV^A
BCX
BCYC
BCYP
BCYPU
BCYPW
BDC
BDJ
BDL
BDN
BDR
BDSI
BDSX
BDTX
BDX
BDXB
BE
BEAM
BECN
BEDU
BEEM
BEEMW
BEKE
BELFA
BELFB
BEN
BENE
BENER
BENEU
BENEW
BEP
BEP^A
BEPC
BEPH
BERY
BEST
BF/A
BF/B
BFAM
BFC
BFI
BFIIW
BFIN
BFK
BFLY
BFRA
BFS
BFS^D
BFS^E
BFST
BFZ
BG
BGB
BGCP
BGFV
BGH
BGI
BGIO
BGLD
BGNE
BGR
BGS
BGSF
BGSX
BGT
BGX
BGY
BH
BHAT
BHB
BHC
BHE
BHF
BHFAL
BHFAN
BHFAO
BHFAP
BHK
BHLB
BHP
BHR
BHR^B
BHR^D
BHSE
BHSEW
BHTG
BHV
BHVN
BIDU
BIF
BIG
BIGC
BIGZ
BIIB
BILI
BILL
BIMI
BIO
BIO/B
BIOC
BIOL
BIOT
BIOTU
BIOTW
BIOX
BIP
BIP^A
BIP^B
BIPC
BIT
BITE
BIVI
BJ
BJRI
BK
BKCC
BKD
BKE
BKEP
BKEPP
BKH
BKI
BKN
BKNG
BKR
BKSC
BKT
BKTI
BKU
BKYI
BL
BLBD
BLCM
BLCT
BLD
BLDE
BLDEW
BLDG
BLDP
BLDR
BLE
BLFS
BLI
BLIN
BLK
BLKB
BLL
BLMN
BLNK
BLNKW
BLPH
BLRX
BLSA
BLTS
BLTSU
BLTSW
BLU
BLUA
BLUE
BLUW
BLUWU
BLUWW
BLW
BLX
BMA
BMBL
BME
BMEA
BMEZ
BMI
BML^G
BML^H
BML^J
BML^L
BMO
BMRA
BMRC
BMRN
BMTC
BMTX
BMY
BNED
BNFT
BNGO
BNGOW
BNL
BNR
BNS
BNSO
BNTC
BNTX
BNY
BOAC
BOAS
BOB
BOCH
BOE
BOH
BOKF
BOKFL
BOLT
BOMN
BOOM
BOOT
BORR
BOSC
BOTJ
BOWX
BOWXU
BOWXW
BOX
BOXL
BP
BPFH
BPMC
BPMP
BPOP
BPOPM
BPOPN
BPRN
BPT
BPTH
BPTS
BPY
BPYPN
BPYPO
BPYPP
BPYU
BPYUP
BQ
BR
BRBR
BRBS
BRC
BREZ
BREZR
BREZW
BRFS
BRG
BRG^C
BRG^D
BRID
BRIVU
BRK/A
BRK/B
BRKL
BRKR
BRKS
BRLI
BRLIR
BRLIU
BRLIW
BRMK
BRN
BRO
BROG
BROGW
BRP
BRPA
BRPAR
BRPAU
BRPAW
BRPM
BRPMU
BRPMW
BRQS
BRT
BRX
BRY
BSA
BSAC
BSBK
BSBR
BSET
BSGM
BSIG
BSKYU
BSL
BSM
BSMX
BSN
BSPE
BSQR
BSRR
BST
BSTZ
BSVN
BSX
BSX^A
BSY
BTA
BTAI
BTAQ
BTAQU
BTAQW
BTBT
BTCM
BTG
BTI
BTN
BTNB
BTO
BTRS
BTRSW
BTT
BTU
BTWN
BTWNU
BTWNW
BTX
BTZ
BUD
BUFD
BUFF
BUI
BUR
BURL
BUSE
BV
BVH
BVN
BVS
BVXV
BW
BWA
BWAC
BWACU
BWACW
BWAY
BWB
BWEN
BWFG
BWG
BWL/A
BWMN
BWMX
BWSN
BWXT
BX
BXC
BXMT
BXMX
BXP
BXRX
BXS
BXS^A
BY
BYD
BYFC
BYM
BYND
BYRN
BYSI
BYTS
BYTSU
BYTSW
BZH
BZUN
C
C^J
C^K
C^N
CAAP
CAAS
CABA
CABO
CAC
CACC
CACI
CADE
CAE
CAF
CAG
CAH
CAHC
CAHCU
CAHCW
CAI
CAI^A
CAI^B
CAJ
CAKE
CAL
CALA
CALB
CALM
CALT
CALX
CAMP
CAMT
CAN
CANF
CANG
CAP
CAPA
CAPAU
CAPAW
CAPL
CAPR
CAR
CARA
CARE
CARG
CARR
CARS
CARV
CAS
CASA
CASH
CASI
CASS
CASY
CAT
CATB
CATC
CATM
CATO
CATY
CB
CBAH
CBAN
CBAT
CBAY
CBB
CBB^B
CBD
CBFV
CBH
CBIO
CBLI
CBMB
CBNK
CBOE
CBRE
CBRL
CBSH
CBT
CBTG
CBTX
CBU
CBZ
CC
CCAC
CCAP
CCB
CCBG
CCCC
CCD
CCEP
CCF
CCI
CCIV
CCJ
CCK
CCL
CCLP
CCM
CCMP
CCNC
CCNE
CCNEP
CCO
CCOI
CCRC
CCRN
CCS
CCU
CCV
CCVI
CCX
CCXI
CCZ
CD
CDAK
CDAY
CDE
CDEV
CDK
CDLX
CDMO
CDNA
CDNS
CDOR
CDR
CDR^B
CDR^C
CDTX
CDW
CDXC
CDXS
CDZI
CE
CEA
CECE
CEE
CEI
CEIX
CELC
CELH
CELP
CEM
CEMI
CEN
CENH
CENHU
CENHW
CENT
CENTA
CENX
CEPU
CEQP
CEQP^
CERC
CERE
CEREW
CERN
CERS
CERT
CET
CETX
CETXP
CETXW
CEV
CEVA
CF
CFAC
CFACU
CFACW
CFB
CFBK
CFCV
CFFE
CFFEU
CFFEW
CFFI
CFFN
CFFVU
CFFVW
CFG
CFG^D
CFG^E
CFIV
CFIVU
CFIVW
CFMS
CFR
CFR^B
CFRX
CFV
CFVI
CFVIU
CFVIW
CFX
CFXA
CG
CGA
CGAU
CGBD
CGC
CGEM
CGEN
CGNT
CGNX
CGO
CGRN
CHAA
CHAQ
CHCI
CHCO
CHCT
CHD
CHDN
CHE
CHEF
CHEK
CHEKZ
CHFW
CHGG
CHH
CHI
CHK
CHKEL
CHKEW
CHKEZ
CHKP
CHMA
CHMG
CHMI
CHMI^A
CHMI^B
CHN
CHNG
CHNGU
CHNR
CHPM
CHPMW
CHPT
CHRA
CHRS
CHRW
CHS
CHSCL
CHSCM
CHSCN
CHSCO
CHSCP
CHT
CHTR
CHUY
CHW
CHWY
CHX
CHY
CI
CIA
CIB
CIDM
CIEN
CIF
CIG
CIGI
CIH
CII
CIK
CIM
CIM^A
CIM^B
CIM^C
CIM^D
CINF
CINR
CIO
CIO^A
CIR
CIT
CIT^B
CIVB
CIX
CIXX
CIZN
CJJD
CKPT
CKX
CL
CLAA
CLAR
CLAS
CLB
CLBK
CLBS
CLDB
CLDR
CLDT
CLDX
CLEU
CLF
CLFD
CLGN
CLGX
CLH
CLI
CLII
CLIM
CLIR
CLLS
CLM
CLMT
CLNC
CLNE
CLNN
CLNNW
CLNY
CLNY^G
CLNY^H
CLNY^I
CLNY^J
CLOV
CLOVW
CLPR
CLPS
CLPT
CLR
CLRB
CLRM
CLRMU
CLRMW
CLRO
CLS
CLSD
CLSK
CLSN
CLVR
CLVRW
CLVS
CLVT
CLW
CLWT
CLX
CLXT
CM
CMA
CMBM
CMC
CMCL
CMCM
CMCO
CMCSA
CMCT
CMCTP
CMD
CME
CMG
CMI
CMII
CMIIU
CMIIW
CMLF
CMLFU
CMLFW
CMLS
CMLTU
CMMB
CMO
CMO^E
CMP
CMPI
CMPR
CMPS
CMRE
CMRE^B
CMRE^C
CMRE^D
CMRE^E
CMRX
CMS
CMS^B
CMSA
CMSC
CMSD
CMT
CMTL
CMU
CNA
CNBKA
CNC
CNCE
CND
CNDT
CNET
CNEY
CNF
CNFR
CNFRL
CNHI
CNI
CNK
CNMD
CNNB
CNNE
CNO
CNO^A
CNOB
CNP
CNP^B
CNQ
CNR
CNS
CNSL
CNSP
CNST
CNTB
CNTG
CNTY
CNX
CNXC
CNXN
CO
COCP
CODA
CODI
CODI^A
CODI^B
CODI^C
CODX
COE
COF
COF^G
COF^H
COF^I
COF^J
COF^K
COF^L
COFS
COG
COGT
COHN
COHR
COHU
COIN
COKE
COLB
COLD
COLI
COLIU
COLIW
COLL
COLM
COMM
COMP
COMS
COMSW
CONE
CONN
CONX
CONXU
CONXW
COO
COOL
COOLU
COOLW
COOP
COP
COR
CORE
CORR
CORR^A
CORT
COST
COTY
COUP
COUR
COVA
COVAU
COVAW
COWN
COWNL
CP
CPA
CPAC
CPB
CPE
CPF
CPG
CPHC
CPHI
CPIX
CPK
CPLG
CPLP
CPNG
CPRI
CPRT
CPRX
CPS
CPSH
CPSI
CPSR
CPSS
CPT
CPTA
CPTAG
CPTAL
CPTK
CPUH
CPZ
CQP
CR
CRAI
CRBP
CRC
CRCT
CRD/A
CRD/B
CRDF
CREE
CREG
CRESY
CREX
CREXW
CRF
CRH
CRHC
CRI
CRIS
CRK
CRKN
CRL
CRM
CRMD
CRMT
CRNC
CRNT
CRNX
CRON
CROX
CRS
CRSA
CRSAU
CRSAW
CRSP
CRSR
CRT
CRTD
CRTO
CRTX
CRU
CRUS
CRVL
CRVS
CRWD
CRWS
CRY
CRZNU
CS
CSAN
CSBR
CSCO
CSCW
CSGP
CSGS
CSII
CSIQ
CSL
CSLT
CSOD
CSPI
CSPR
CSQ
CSR
CSR^C
CSSE
CSSEN
CSSEP
CSTA
CSTE
CSTL
CSTM
CSTR
CSU
CSV
CSWC
CSWI
CSX
CTA^A
CTA^B
CTAC
CTAQ
CTAQU
CTAQW
CTAS
CTB
CTBB
CTBI
CTDD
CTEK
CTG
CTHR
CTIB
CTIC
CTK
CTLP
CTLT
CTMX
CTO
CTOS
CTR
CTRE
CTRM
CTRN
CTS
CTSH
CTSO
CTT
CTVA
CTXR
CTXRW
CTXS
CUB
CUBA
CUBB
CUBE
CUBI
CUBI^C
CUBI^D
CUBI^E
CUBI^F
CUE
CUEN
CUENW
CUK
CULP
CURI
CURIW
CURO
CUTR
CUZ
CVA
CVAC
CVBF
CVCO
CVCY
CVE
CVEO
CVET
CVGI
CVGW
CVI
CVII
CVLG
CVLT
CVLY
CVM
CVNA
CVR
CVS
CVU
CVV
CVX
CW
CWBC
CWBR
CWCO
CWEN
CWH
CWK
CWST
CWT
CX
CXDC
CXDO
CXE
CXH
CXP
CXW
CYAD
CYAN
CYBE
CYBR
CYCC
CYCCP
CYCN
CYD
CYH
CYRN
CYRX
CYTH
CYTHW
CYTK
CZNC
CZR
CZWI
D
DAC
DADA
DAIO
DAKT
DAL
DAN
DAO
DAPR
DAR
DARE
DASH
DAUG
DAVA
DB
DBD
DBDR
DBDRU
DBDRW
DBI
DBL
DBOC
DBTX
DBVT
DBX
DCBO
DCF
DCI
DCO
DCOM
DCOMP
DCP
DCP^B
DCP^C
DCPH
DCRB
DCRBU
DCRBW
DCRCU
DCRN
DCRNU
DCRNW
DCT
DCTH
DCUE
DD
DDD
DDEC
DDF
DDMX
DDMXU
DDMXW
DDOG
DDS
DDT
DE
DEA
DECK
DEFN
DEH
DEI
DELL
DEN
DENN
DEO
DESP
DEX
DFEB
DFFN
DFH
DFHT
DFHTU
DFHTW
DFHY
DFIN
DFNS
DFNV
DFP
DFPH
DFPHU
DFPHW
DFS
DG
DGICA
DGICB
DGII
DGLY
DGNR
DGNS
DGNU
DGX
DHBC
DHBCU
DHBCW
DHC
DHCA
DHCAU
DHCAW
DHCNI
DHCNL
DHF
DHHC
DHHCU
DHHCW
DHI
DHIL
DHR
DHR^A
DHR^B
DHT
DHX
DHY
DIAX
DIN
DIOD
DIS
DISAU
DISCA
DISCB
DISCK
DISH
DIT
DJAN
DJCO
DJUL
DJUN
DK
DKDCU
DKL
DKNG
DKS
DLA
DLB
DLCA
DLCAU
DLCAW
DLHC
DLNG
DLNG^A
DLNG^B
DLPN
DLR
DLR^C
DLR^J
DLR^K
DLR^L
DLTH
DLTR
DLX
DLY
DM
DMAC
DMAR
DMAY
DMB
DMF
DMLP
DMO
DMRC
DMS
DMTK
DMYI
DMYQ
DNB
DNLI
DNMR
DNN
DNOV
DNOW
DNP
DNZ
DOC
DOCN
DOCT
DOCU
DOGZ
DOMO
DOOO
DOOR
DORM
DOV
DOW
DOX
DOYU
DPG
DPW
DPZ
DQ
DRD
DRE
DRH
DRH^A
DRI
DRIO
DRNA
DRQ
DRRX
DRTT
DRUA
DRVN
DS
DS^B
DS^C
DS^D
DSAC
DSACU
DSACW
DSE
DSEP
DSEY
DSGN
DSGX
DSKE
DSKEW
DSL
DSM
DSOC
DSP
DSPG
DSS
DSSI
DSU
DSWL
DSX
DSX^B
DT
DTB
DTE
DTEA
DTF
DTIL
DTJ
DTLA^
DTOC
DTOCU
DTP
DTSS
DTW
DTY
DUDE
DUK
DUK^A
DUKB
DUKH
DUNE
DUNEU
DUNEW
DUO
DUOT
DV
DVA
DVAX
DVD
DVN
DWIN
DWSN
DX
DX^C
DXC
DXCM
DXF
DXPE
DXR
DXYN
DY
DYAI
DYFN
DYN
DYNT
DZSI
E
EA
EAC
EACPU
EACPW
EAD
EAF
EAI
EAR
EARN
EARS
EAST
EAT
EB
EBACU
EBAY
EBC
EBET
EBF
EBIX
EBMT
EBON
EBR
EBS
EBSB
EBTC
EC
ECC
ECCB
ECCW
ECCX
ECCY
ECF
ECF^A
ECHO
ECL
ECOL
ECOLW
ECOM
ECOR
ECPG
ED
EDAP
EDD
EDF
EDI
EDIT
EDN
EDR
EDRY
EDSA
EDTK
EDTX
EDTXU
EDTXW
EDU
EDUC
EEA
EEFT
EEIQ
EEX
EFC
EFC^A
EFF
EFL
EFOI
EFR
EFSC
EFT
EFX
EGAN
EGBN
EGF
EGHT
EGIS
EGLE
EGLX
EGO
EGP
EGRX
EGY
EH
EHC
EHI
EHT
EHTH
EIC
EIG
EIGR
EIM
EIX
EJFA
EJFAU
EJFAW
EKSO
EL
ELA
ELAN
ELAT
ELC
ELDN
ELF
ELLO
ELMD
ELOX
ELP
ELS
ELSE
ELTK
ELVT
ELY
ELYS
EM
EMAN
EMCF
EMD
EME
EMF
EMKR
EML
EMN
EMO
EMP
EMPW
EMR
EMX
ENB
ENBA
ENBL
ENDP
ENFA
ENFAU
ENFAW
ENG
ENIA
ENIC
ENJ
ENLC
ENLV
ENNV
ENNVU
ENNVW
ENO
ENOB
ENPC
ENPH
ENR
ENR^A
ENS
ENSG
ENSV
ENTA
ENTG
ENTX
ENTXW
ENV
ENVA
ENVB
ENVI
ENVIU
ENVIW
ENX
ENZ
EOD
EOG
EOI
EOLS
EOS
EOSE
EOSEW
EOT
EP^C
EPAC
EPAM
EPAY
EPC
EPD
EPHY
EPHYU
EPHYW
EPIX
EPM
EPR
EPR^C
EPR^E
EPR^G
EPRT
EPSN
EPWR
EPZM
EQ
EQBK
EQC
EQC^D
EQD
EQH
EQH^A
EQH^C
EQHA
EQIX
EQNR
EQOS
EQR
EQS
EQT
EQX
ERC
ERES
ERESU
ERESW
ERF
ERH
ERIC
ERIE
ERII
ERJ
ERYP
ES
ESBK
ESCA
ESE
ESEA
ESGC
ESGR
ESGRO
ESGRP
ESI
ESLT
ESM
ESNT
ESP
ESPR
ESQ
ESRT
ESS
ESSA
ESSC
ESSCR
ESSCW
ESTA
ESTC
ESTE
ESXB
ET
ET^C
ET^D
ET^E
ETAC
ETACU
ETACW
ETB
ETG
ETH
ETI^
ETJ
ETN
ETNB
ETO
ETON
ETR
ETRN
ETSY
ETTX
ETV
ETW
ETWO
ETX
ETY
EUCG
EUCR
EUCRU
EUCRW
EURN
EUSG
EUSGU
EUSGW
EVA
EVAX
EVBG
EVBN
EVC
EVER
EVF
EVFM
EVG
EVGN
EVH
EVI
EVK
EVLO
EVM
EVN
EVOJ
EVOJU
EVOJW
EVOK
EVOL
EVOP
EVR
EVRG
EVRI
EVT
EVTC
EVV
EVY
EW
EWBC
EWTX
EXAS
EXC
EXD
EXEL
EXFO
EXG
EXK
EXLS
EXN
EXP
EXPD
EXPE
EXPI
EXPO
EXPR
EXR
EXTN
EXTR
EYE
EYEG
EYEN
EYES
EYESW
EYPT
EZGO
EZPW
F
F^B
F^C
FACA
FACT
FAF
FAII
FAIL
FAM
FAMI
FANG
FANH
FAPR
FARM
FARO
FAST
FAT
FATBP
FATBW
FATE
FAUG
FAX
FB
FBC
FBHS
FBIO
FBIOP
FBIZ
FBK
FBMS
FBNC
FBP
FBRX
FC
FCAC
FCACU
FCACW
FCAP
FCAX
FCBC
FCBP
FCCO
FCCY
FCEL
FCF
FCFS
FCN
FCNCA
FCNCP
FCO
FCPT
FCRD
FCRW
FCRZ
FCT
FCX
FDBC
FDEC
FDEU
FDG
FDMT
FDP
FDS
FDUS
FDUSG
FDUSZ
FDX
FE
FEBZ
FEDU
FEDX
FEI
FEIM
FELE
FEN
FENC
FENG
FEO
FERG
FET
FEYE
FF
FFA
FFBC
FFBW
FFC
FFEB
FFG
FFHL
FFIC
FFIN
FFIV
FFNW
FFWM
FGB
FGBI
FGBIP
FGEN
FGF
FGFPP
FGNA
FGRO
FHB
FHI
FHN
FHN^A
FHN^B
FHN^C
FHN^D
FHN^E
FHS
FHTX
FI
FIBK
FICO
FIF
FIII
FIIIU
FIIIW
FINM
FINMU
FINMW
FINS
FINV
FIS
FISI
FISV
FITB
FITBI
FITBO
FITBP
FIV
FIVE
FIVN
FIX
FIXX
FIZZ
FJAN
FJUL
FJUN
FKWL
FL
FLAC
FLACU
FLACW
FLC
FLDM
FLEX
FLGC
FLGT
FLIC
FLIR
FLL
FLME
FLMN
FLMNW
FLNG
FLNT
FLO
FLOW
FLR
FLS
FLT
FLUX
FLV
FLWS
FLXN
FLXS
FLY
FMAC
FMAG
FMAO
FMAR
FMAY
FMBH
FMBI
FMBIO
FMBIP
FMC
FMIVU
FMN
FMNB
FMO
FMS
FMTX
FMX
FMY
FN
FNB
FNB^E
FNCB
FNCH
FND
FNF
FNHC
FNKO
FNLC
FNOV
FNV
FNWB
FOA
FOCS
FOCT
FOE
FOF
FOLD
FONR
FOR
FORA
FORD
FORE
FOREU
FOREW
FORM
FORR
FORTY
FOSL
FOUR
FOX
FOXA
FOXF
FOXW
FOXWU
FOXWW
FPAC
FPAY
FPF
FPH
FPI
FPI^B
FPL
FPRO
FR
FRA
FRAF
FRBA
FRBK
FRC
FRC^H
FRC^I
FRC^J
FRC^K
FRC^L
FRD
FREE
FREEW
FREQ
FRG
FRGAP
FRGI
FRHC
FRLN
FRME
FRO
FROG
FRON
FRONU
FRONW
FRPH
FRPT
FRSG
FRSGU
FRSGW
FRST
FRSX
FRT
FRT^C
FRTA
FRWAU
FRWAW
FRX
FRXB
FSBC
FSBW
FSD
FSEA
FSEP
FSFG
FSI
FSII
FSK
FSKR
FSLF
FSLR
FSLY
FSM
FSMO
FSNB
FSP
FSR
FSRV
FSRVU
FSRVW
FSRX
FSRXU
FSRXW
FSS
FSSI
FSSIU
FSSIW
FST
FSTR
FSTX
FSV
FT
FTAA
FTAAU
FTAAW
FTAI
FTAI^A
FTAI^B
FTAI^C
FTCH
FTCI
FTCV
FTCVU
FTCVW
FTDR
FTEK
FTEV
FTF
FTFT
FTHM
FTHY
FTI
FTIV
FTIVU
FTIVW
FTK
FTNT
FTOC
FTOCU
FTOCW
FTPA
FTPAU
FTPAW
FTS
FTSI
FTV
FTV^A
FUBO
FUL
FULC
FULT
FULTP
FUN
FUNC
FUND
FUNL
FURY
FUSB
FUSE
FUSN
FUTU
FUV
FVAM
FVCB
FVE
FVIV
FVRR
FVT
FWAA
FWONA
FWONK
FWP
FWRD
FXNC
FYBR
FZT
G
GAB
GAB^G
GAB^H
GAB^J
GAB^K
GABC
GAIA
GAIN
GAINL
GAINN
GALT
GAM
GAM^B
GAMC
GAMCU
GAN
GANX
GAPA
GASS
GATO
GATX
GAU
GB
GBAB
GBCI
GBDC
GBIO
GBL
GBLI
GBLIL
GBNH
GBNY
GBOX
GBR
GBRG
GBRGR
GBRGU
GBRGW
GBS
GBT
GBX
GCAC
GCACU
GCACW
GCBC
GCI
GCMG
GCMGW
GCO
GCP
GCV
GD
GDDY
GDEN
GDL
GDL^C
GDO
GDOT
GDP
GDRX
GDS
GDV
GDV^G
GDV^H
GDYN
GDYNW
GE
GECC
GECCL
GECCM
GECCN
GEF
GEG
GEL
GENC
GENE
GENI
GEO
GEOS
GER
GERN
GES
GEVO
GF
GFED
GFF
GFI
GFL
GFLU
GFN
GFNCP
GFNSZ
GFX
GGAL
GGB
GGG
GGM
GGMCU
GGN
GGN^B
GGO
GGPIU
GGT
GGT^E
GGT^G
GGZ
GGZ^A
GH
GHAC
GHACU
GHACW
GHC
GHG
GHL
GHLD
GHM
GHSI
GHVI
GHVIU
GHVIW
GHY
GIB
GIFI
GIG
GIGGU
GIGGW
GIGM
GIII
GIIX
GIIXU
GIIXW
GIL
GILD
GILT
GIM
GIS
GIX
GJH
GJO
GJP
GJR
GJS
GJT
GKOS
GL
GL^C
GLAD
GLADL
GLAQ
GLAQU
GLAQW
GLBL
GLBLU
GLBLW
GLBS
GLBZ
GLDD
GLDG
GLEO
GLG
GLHAU
GLMD
GLNG
GLO
GLOB
GLOG
GLOG^A
GLOP
GLOP^A
GLOP^B
GLOP^C
GLP
GLP^A
GLP^B
GLPG
GLPI
GLQ
GLRE
GLSI
GLSPT
GLSPU
GLSPW
GLT
GLTO
GLU
GLU^A
GLU^B
GLV
GLW
GLYC
GM
GMAB
GMBL
GMBLW
GMBT
GMBTU
GMBTW
GMDA
GME
GMED
GMII
GMIIU
GMIIW
GMLPP
GMRE
GMRE^A
GMS
GMTA
GMTX
GNAC
GNACU
GNACW
GNCA
GNE
GNE^A
GNFT
GNK
GNL
GNL^A
GNL^B
GNLN
GNOG
GNPK
GNPX
GNRC
GNRS
GNRSU
GNRSW
GNSS
GNT
GNT^A
GNTX
GNTY
GNUS
GNW
GO
GOAC
GOCO
GOED
GOEV
GOEVW
GOF
GOGL
GOGO
GOL
GOLD
GOLF
GOOD
GOODM
GOODN
GOOG
GOOGL
GOOS
GORO
GOSS
GOTU
GOVX
GOVXW
GOVZ
GP
GPAC
GPACU
GPACW
GPC
GPI
GPJA
GPK
GPL
GPM
GPMT
GPN
GPP
GPRE
GPRK
GPRO
GPS
GPX
GRA
GRAY
GRBK
GRC
GRCL
GRCY
GRCYU
GRCYW
GRF
GRFS
GRIL
GRIN
GRMN
GRNQ
GRNV
GRNVR
GRNVU
GRNVW
GROW
GROY
GRPN
GRSV
GRSVU
GRSVW
GRTS
GRTX
GRUB
GRVY
GRWG
GRX
GS
GS^A
GS^C
GS^D
GS^J
GS^K
GS^N
GSAH
GSAQ
GSAQU
GSAQW
GSAT
GSBC
GSBD
GSEE
GSEV
GSEVU
GSEVW
GSHD
GSID
GSIT
GSK
GSKY
GSL
GSL^B
GSLD
GSM
GSMG
GSMGW
GSQD
GSS
GSUS
GSV
GT
GTBP
GTE
GTEC
GTES
GTH
GTHX
GTIM
GTIP
GTLS
GTN
GTPA
GTPAU
GTPAW
GTPB
GTPBU
GTPBW
GTS
GTT
GTX
GTY
GTYH
GURE
GUT
GUT^A
GUT^C
GVA
GVP
GWAC
GWACW
GWB
GWGH
GWRE
GWRS
GWW
GXGX
GXGXU
GXGXW
GXII
GXIIU
GYRO
H
HA
HAAC
HAACU
HAACW
HAE
HAFC
HAIN
HAL
HALL
HALO
HAPP
HARP
HAS
HASI
HAYN
HAYW
HBAN
HBANN
HBANO
HBANP
HBB
HBCP
HBI
HBIO
HBM
HBMD
HBNC
HBP
HBT
HCA
HCAP
HCAPZ
HCAQ
HCAR
HCARU
HCARW
HCAT
HCC
HCCC
HCCCU
HCCCW
HCCI
HCDI
HCHC
HCI
HCIC
HCICU
HCICW
HCII
HCIIU
HCIIW
HCKT
HCM
HCSG
HCXY
HCXZ
HD
HDB
HDSN
HE
HEAR
HEC
HECCU
HECCW
HEES
HEGD
HEI
HEI/A
HELE
HELX
HEP
HEPA
HEQ
HERA
HERAU
HERAW
HES
HESM
HEXO
HFBL
HFC
HFFG
HFRO
HFRO^A
HFWA
HGBL
HGEN
HGH
HGLB
HGSH
HGV
HHC
HHLA
HHR
HI
HIBB
HIE
HIFS
HIG
HIG^G
HIGA
HIHO
HII
HIII
HIIIU
HIIIW
HIL
HIMS
HIMX
HIO
HIW
HIX
HJLI
HJLIW
HKIB
HL
HL^B
HLAH
HLAHU
HLAHW
HLF
HLG
HLI
HLIO
HLIT
HLM^
HLNE
HLT
HLX
HLXA
HMC
HMCO
HMCOU
HMCOW
HMG
HMHC
HMLP
HMLP^A
HMN
HMNF
HMPT
HMST
HMTV
HMY
HNGR
HNI
HNNA
HNP
HNRG
HNST
HNW
HOFT
HOFV
HOFVW
HOG
HOL
HOLI
HOLUU
HOLUW
HOLX
HOMB
HOME
HON
HONE
HOOK
HOPE
HOTH
HOV
HOVNP
HOWL
HP
HPE
HPF
HPI
HPK
HPKEW
HPP
HPQ
HPS
HPX
HQH
HQI
HQL
HQY
HR
HRB
HRC
HRI
HRL
HRMY
HROW
HROWL
HRTG
HRTX
HRZN
HSAQ
HSBC
HSC
HSDT
HSIC
HSII
HSKA
HSON
HST
HSTM
HSTO
HSY
HT
HT^C
HT^D
HT^E
HTA
HTBI
HTBK
HTBX
HTD
HTFB
HTGC
HTGM
HTH
HTHT
HTIA
HTLD
HTLF
HTLFP
HTOO
HTOOW
HTPA
HTY
HUBB
HUBG
HUBS
HUDI
HUGE
HUGS
HUIZ
HUM
HUN
HURC
HURN
HUSA
HUSN
HUYA
HVBC
HVT
HVT/A
HWBK
HWC
HWCC
HWCPL
HWCPZ
HWKN
HWM
HWM^
HX
HXL
HY
HYAC
HYACU
HYACW
HYB
HYFM
HYI
HYIN
HYLN
HYMC
HYMCL
HYMCW
HYMCZ
HYMU
HYRE
HYT
HYW
HZAC
HZN
HZNP
HZO
HZON
IAA
IAC
IACA
IACB
IACC
IAE
IAF
IAG
IART
IBA
IBCP
IBER
IBEX
IBHF
IBIO
IBKR
IBM
IBN
IBOC
IBP
IBRX
IBTX
ICAD
ICBK
ICCC
ICCH
ICD
ICE
ICFI
ICHR
ICL
ICLK
ICLR
ICMB
ICON
ICPT
ICUI
ID
IDA
IDBA
IDCC
IDE
IDEX
IDN
IDRA
IDT
IDXX
IDYA
IEA
IEAWW
IEC
IEP
IESC
IEX
IFBD
IFF
IFFT
IFMK
IFN
IFRX
IFS
IGA
IGAC
IGACU
IGACW
IGC
IGD
IGI
IGIC
IGICW
IGLD
IGMS
IGNY
IGNYU
IGNYW
IGR
IGT
IH
IHC
IHD
IHG
IHIT
IHRT
IHT
IHTA
IIAC
IIF
III
IIII
IIIIU
IIIIW
IIIN
IIIV
IIM
IIN
IIPR
IIPR^A
IIVI
IIVIP
IKNA
IKNX
IKT
ILMN
ILPT
IMAB
IMAC
IMACW
IMAX
IMBI
IMCC
IMCR
IMFL
IMGN
IMH
IMKTA
IMMP
IMMR
IMNM
IMO
IMOS
IMPL
IMPX
IMRA
IMRN
IMRNW
IMTE
IMTX
IMTXW
IMUX
IMV
IMVT
IMXI
INBK
INBKL
INBKZ
INBX
INCY
INDB
INDO
INDT
INFI
INFN
INFO
INFU
INFY
ING
INGN
INGR
INKA
INKAU
INKAW
INM
INMB
INMD
INN
INN^D
INN^E
INNV
INO
INOD
INOV
INPX
INS
INSE
INSG
INSI
INSM
INSP
INSW
INSW^A
INT
INTC
INTG
INTT
INTU
INTZ
INUV
INVA
INVE
INVH
INVO
INVZ
INVZW
INZY
IO
IONS
IOR
IOSP
IOVA
IP
IPA
IPAR
IPDN
IPG
IPGP
IPHA
IPI
IPLDP
IPOD
IPOE
IPOF
IPVA
IPVF
IPVI
IPVIU
IPVIW
IPWR
IQ
IQI
IQV
IR
IRBT
IRCP
IRDM
IRIX
IRL
IRM
IRMD
IROQ
IRR
IRS
IRT
IRTC
IRWD
ISBC
ISD
ISDR
ISEE
ISIG
ISLE
ISLEW
ISNS
ISOS
ISR
ISRG
ISSC
ISTR
ISUN
ISVL
IT
ITAC
ITACU
ITACW
ITCB
ITCI
ITGR
ITHX
ITHXU
ITHXW
ITI
ITIC
ITMR
ITOS
ITP
ITQ
ITQRU
ITQRW
ITRG
ITRI
ITRM
ITRN
ITT
ITUB
ITW
IVA
IVAC
IVAN
IVC
IVDG
IVH
IVLC
IVR
IVR^A
IVR^B
IVR^C
IVRA
IVSG
IVZ
IX
IZEA
J
JACK
JAGX
JAKK
JAMF
JAN
JANZ
JAX
JAZZ
JBGS
JBHT
JBL
JBLU
JBSS
JBT
JCE
JCI
JCIC
JCICU
JCICW
JCO
JCOM
JCS
JCTCF
JD
JDD
JEF
JELD
JEMA
JEMD
JEQ
JFIN
JFR
JFU
JG
JGH
JHAA
JHB
JHG
JHI
JHS
JHX
JIH
JILL
JJSF
JKHY
JKS
JLL
JLS
JMIA
JMM
JMP
JMPNL
JMPNZ
JNCE
JNJ
JNPR
JOAN
JOB
JOBS
JOE
JOF
JOFF
JOFFU
JOFFW
JOUT
JP
JPC
JPI
JPM
JPM^C
JPM^D
JPM^G
JPM^H
JPM^J
JPM^K
JPS
JPT
JQC
JRI
JRJC
JRO
JRS
JRSH
JRVR
JSD
JSM
JT
JTA
JTD
JUPW
JUPWW
JVA
JW/A
JW/B
JWEL
JWN
JWS
JWSM
JYAC
JYNT
K
KAHC
KAI
KAII
KAIIU
KAIIW
KAIR
KAIRU
KALA
KALU
KALV
KAMN
KAR
KARO
KB
KBAL
KBH
KBNT
KBNTW
KBR
KBSF
KC
KCAC
KCAPL
KDMN
KDNY
KDP
KE
KELYA
KELYB
KEN
KEP
KEQU
KERN
KERNW
KEX
KEY
KEY^I
KEY^J
KEY^K
KEYS
KF
KFFB
KFRC
KFS
KFY
KGC
KHC
KIDS
KIII
KIIIU
KIIIW
KIM
KIM^L
KIM^M
KIN
KINS
KINZ
KINZU
KINZW
KIO
KIQ
KIRK
KJUL
KKR
KKR^A
KKR^B
KKR^C
KKRS
KL
KLAC
KLAQ
KLAQU
KLAQW
KLDO
KLIC
KLR
KLXE
KMB
KMDA
KMF
KMI
KMPH
KMPR
KMT
KMX
KN
KNBE
KNDI
KNGS
KNL
KNOP
KNSA
KNSL
KNTE
KNX
KO
KOD
KODK
KOF
KOP
KOPN
KOR
KOS
KOSS
KPTI
KR
KRA
KRBP
KRC
KREF
KREF^A
KRG
KRKR
KRMD
KRNL
KRNLU
KRNLW
KRNT
KRNY
KRO
KRON
KROS
KRP
KRT
KRTX
KRUS
KRYS
KSICU
KSM
KSMT
KSMTU
KSMTW
KSPN
KSS
KSU
KSU^
KT
KTB
KTCC
KTF
KTH
KTN
KTOS
KTRA
KUKE
KURA
KURI
KURIU
KURIW
KVHI
KVSA
KVSB
KVSC
KW
KWAC
KWR
KXIN
KYMR
KYN
KZIA
KZR
L
LABP
LAC
LACQ
LACQW
LAD
LADR
LAIX
LAKE
LAMR
LANC
LAND
LANDM
LANDO
LARK
LASR
LATN
LATNU
LATNW
LAUR
LAWS
LAZ
LAZR
LAZY
LB
LBAI
LBC
LBPH
LBPS
LBPSW
LBRDA
LBRDK
LBRDP
LBRT
LBTYA
LBTYB
LBTYK
LC
LCAA
LCAAU
LCAAW
LCAHU
LCAP
LCAPU
LCAPW
LCI
LCII
LCNB
LCTX
LCUT
LCY
LCYAU
LCYAW
LDHAU
LDI
LDL
LDOS
LDP
LE
LEA
LEAF
LEAP
LECO
LEDS
LEE
LEG
LEGAU
LEGH
LEGN
LEGO
LEGOU
LEGOW
LEJU
LEN
LEO
LESL
LEU
LEV
LEVI
LEVL
LEXX
LEXXW
LFC
LFMD
LFT
LFT^A
LFTR
LFTRU
LFTRW
LFUS
LFVN
LGAC
LGACU
LGACW
LGHL
LGHLW
LGI
LGIH
LGL
LGND
LGO
LGV
LGVN
LH
LHAA
LHC
LHCG
LHDX
LHX
LI
LIFE
LII
LIII
LILA
LILAK
LIN
LINC
LIND
LINK
LINX
LIQT
LITB
LITE
LIV
LIVE
LIVK
LIVKU
LIVKW
LIVN
LIVX
LIXT
LIXTW
LIZI
LJAQ
LJAQU
LJAQW
LJPC
LKCO
LKFN
LKQ
LL
LLIT
LLNW
LLY
LMACA
LMACU
LMACW
LMAO
LMAOU
LMAOW
LMAT
LMB
LMFA
LMND
LMNL
LMNR
LMNX
LMPX
LMRK
LMRKN
LMRKO
LMRKP
LMST
LMT
LNC
LND
LNDC
LNFA
LNG
LNN
LNSR
LNT
LNTH
LOAN
LOB
LOCO
LODE
LOGC
LOGI
LOKB
LOKM
LOMA
LOOP
LOPE
LORL
LOTZ
LOTZW
LOV
LOVE
LOW
LPCN
LPG
LPI
LPL
LPLA
LPRO
LPSN
LPTH
LPTX
LPX
LQDA
LQDT
LRCX
LRMR
LRN
LSAQ
LSBK
LSCC
LSEA
LSEAW
LSF
LSI
LSPD
LSTR
LSXMA
LSXMK
LTBR
LTC
LTHM
LTRN
LTRPA
LTRPB
LTRX
LU
LUB
LULU
LUMN
LUMO
LUNA
LUNG
LUV
LUXA
LUXAU
LUXAW
LUXE
LVRAU
LVS
LVTX
LW
LWAC
LWACU
LWACW
LWAY
LX
LXEH
LXFR
LXP
LXP^C
LXRX
LXU
LYB
LYFE
LYFT
LYG
LYL
LYRA
LYTS
LYV
LZB
M
MA
MAA
MAA^I
MAAC
MAACU
MAACW
MAC
MACA
MACAU
MACC
MACK
MACQ
MACQU
MACQW
MACU
MACUU
MACUW
MAG
MAGS
MAIN
MAMB
MAN
MANH
MANT
MANU
MAQCU
MAR
MARA
MARK
MARPS
MARZ
MAS
MASI
MASS
MAT
MATW
MATX
MAV
MAX
MAXN
MAXR
MAYS
MAYZ
MBAC
MBBB
MBCC
MBCN
MBI
MBII
MBIN
MBINN
MBINO
MBINP
MBIO
MBND
MBNKP
MBOT
MBRX
MBT
MBTCR
MBTCU
MBUU
MBWM
MC
MCA
MCAD
MCADR
MCADU
MCB
MCBC
MCBS
MCD
MCF
MCFE
MCFT
MCHP
MCHX
MCI
MCK
MCMJ
MCMJW
MCN
MCO
MCR
MCRB
MCRI
MCS
MCY
MD
MDB
MDC
MDCA
MDGL
MDGS
MDGSW
MDH
MDIA
MDJH
MDLA
MDLQ
MDLX
MDLY
MDLZ
MDNA
MDP
MDRR
MDRRP
MDRX
MDT
MDU
MDVL
MDWD
MDWT
MDXG
MEC
MED
MEDP
MEDS
MEG
MEI
MEIP
MELI
MEOH
MER^K
MERC
MESA
MESO
MET
MET^A
MET^E
MET^F
METC
METX
METXW
MFA
MFA^B
MFA^C
MFC
MFD
MFG
MFGP
MFH
MFIN
MFL
MFM
MFMS
MFNC
MFV
MG
MGA
MGEE
MGF
MGI
MGIC
MGLN
MGM
MGNI
MGNX
MGP
MGPI
MGR
MGRB
MGRC
MGTA
MGTX
MGU
MGY
MGYR
MH^A
MH^C
MH^D
MHD
MHF
MHH
MHI
MHK
MHLA
MHLD
MHN
MHNC
MHO
MIC
MICT
MIDD
MIE
MIG
MILE
MILEW
MIME
MIN
MIND
MINDP
MINN
MIRM
MIST
MIT
MITC
MITK
MITO
MITT
MITT^A
MITT^B
MITT^C
MIXT
MIY
MKC
MKD
MKGI
MKL
MKSI
MKTX
MKTY
MLAB
MLAC
MLACU
MLACW
MLCO
MLHR
MLI
MLM
MLND
MLP
MLR
MLSS
MLVF
MMAC
MMC
MMD
MMI
MMLP
MMM
MMP
MMS
MMSI
MMT
MMU
MMX
MMYT
MN
MNDO
MNKD
MNMD
MNOV
MNP
MNPR
MNR
MNR^C
MNRL
MNRO
MNSB
MNSBP
MNSO
MNST
MNTK
MNTX
MO
MOD
MODN
MODV
MOFG
MOGO
MOGU
MOH
MOHO
MOMO
MON
MONCU
MONCW
MOR
MORF
MORN
MOS
MOSY
MOTN
MOTNU
MOTNW
MOTS
MOTV
MOV
MOVE
MOXC
MP
MPA
MPAA
MPACU
MPB
MPC
MPLN
MPLX
MPRO
MPV
MPW
MPWR
MPX
MQT
MQY
MRAC
MRACU
MRACW
MRAM
MRBK
MRC
MRCC
MRCY
MREO
MRIN
MRK
MRKR
MRLN
MRM
MRNA
MRNS
MRO
MRSK
MRSN
MRTN
MRTX
MRUS
MRVI
MRVL
MS
MS^A
MS^E
MS^F
MS^I
MS^K
MS^L
MSA
MSAC
MSACW
MSB
MSBI
MSC
MSCI
MSD
MSDAU
MSEX
MSFT
MSGE
MSGM
MSGN
MSGS
MSI
MSM
MSN
MSON
MSP
MSTB
MSTR
MSVB
MSVX
MT
MTA
MTAC
MTACU
MTACW
MTB
MTBC
MTBCP
MTC
MTCH
MTCN
MTCR
MTD
MTDR
MTEM
MTEX
MTG
MTH
MTL
MTL^
MTLS
MTN
MTNB
MTOR
MTP
MTR
MTRN
MTRX
MTSI
MTSL
MTW
MTX
MTZ
MU
MUA
MUC
MUDS
MUDSU
MUDSW
MUE
MUFG
MUI
MUJ
MUR
MUSA
MUX
MVBF
MVF
MVIS
MVO
MVT
MWA
MX
MXC
MXE
MXF
MXIM
MXL
MYC
MYD
MYE
MYFW
MYGN
MYI
MYJ
MYMD
MYN
MYO
MYOV
MYRG
MYSZ
MYT
MYTE
NAAC
NAACU
NAACW
NAC
NAD
NAII
NAK
NAKD
NAN
NAOV
NAPA
NAPR
NARI
NAT
NATH
NATI
NATR
NAV
NAVB
NAVI
NAZ
NBA
NBB
NBEV
NBH
NBHC
NBIX
NBLX
NBN
NBO
NBR
NBRV
NBSE
NBST
NBSTU
NBTB
NBTX
NBW
NBY
NC
NCA
NCBS
NCLH
NCMI
NCNA
NCNO
NCR
NCSM
NCTY
NCV
NCV^A
NCZ
NCZ^A
NDAC
NDACU
NDACW
NDAQ
NDLS
NDMO
NDP
NDRA
NDRAW
NDSN
NEA
NEBC
NEBCU
NEBCW
NEE
NEE^K
NEE^N
NEE^O
NEE^P
NEE^Q
NEM
NEN
NEO
NEOG
NEON
NEP
NEPH
NEPT
NERV
NES
NESR
NESRW
NET
NETE
NETI
NEU
NEV
NEW
NEWA
NEWR
NEWT
NEWTL
NEWTZ
NEX
NEXA
NEXI
NEXT
NFBK
NFE
NFG
NFH
NFJ
NFLX
NG
NGAB
NGAC
NGACU
NGACW
NGCAU
NGD
NGG
NGL
NGL^B
NGL^C
NGM
NGMS
NGS
NGVC
NGVT
NH
NHC
NHF
NHF^A
NHI
NHIC
NHICU
NHICW
NHS
NHTC
NI
NI^B
NICE
NICK
NID
NIE
NIM
NIMC
NINE
NIO
NIQ
NISN
NIU
NJR
NJUL
NKE
NKG
NKLA
NKSH
NKTR
NKTX
NKX
NL
NLOK
NLS
NLSN
NLSP
NLSPW
NLTX
NLY
NLY^F
NLY^G
NLY^I
NM
NM^G
NM^H
NMCO
NMFC
NMI
NMIH
NMK^B
NMK^C
NML
NMM
NMMC
NMMCU
NMMCW
NMR
NMRD
NMRK
NMS
NMT
NMTR
NMZ
NNA
NNBR
NNDM
NNI
NNN
NNN^F
NNOX
NNVC
NNY
NOA
NOAC
NOACU
NOACW
NOAH
NOC
NODK
NOG
NOK
NOM
NOMD
NOTV
NOV
NOVA
NOVN
NOVT
NOW
NP
NPCE
NPCT
NPK
NPO
NPTN
NPV
NQP
NR
NRAC
NRACU
NRACW
NRBO
NRC
NREF
NREF^A
NRG
NRGX
NRIM
NRIX
NRK
NRO
NRP
NRT
NRUC
NRZ
NRZ^A
NRZ^B
NRZ^C
NS
NS^A
NS^B
NS^C
NSA
NSA^A
NSC
NSEC
NSH
NSIT
NSL
NSP
NSPR
NSS
NSSC
NSTB
NSTC
NSTD
NSTG
NSYS
NTAP
NTB
NTCO
NTCT
NTEC
NTES
NTG
NTGR
NTIC
NTIP
NTLA
NTNX
NTP
NTR
NTRA
NTRS
NTRSO
NTST
NTUS
NTWK
NTZ
NUAN
NUE
NUO
NURO
NUS
NUV
NUVA
NUVB
NUW
NUWE
NUZE
NVAX
NVCN
NVCR
NVDA
NVEC
NVEE
NVFY
NVG
NVGS
NVIV
NVMI
NVO
NVOS
NVR
NVRO
NVS
NVSA
NVSAU
NVSAW
NVST
NVT
NVTA
NVVE
NVVEW
NWBI
NWE
NWFL
NWG
NWHM
NWL
NWLI
NWN
NWPX
NWS
NWSA
NX
NXC
NXE
NXGN
NXJ
NXN
NXP
NXPI
NXQ
NXR
NXRT
NXST
NXTC
NXTD
NXU
NYC
NYCB
NYCB^A
NYCB^U
NYMT
NYMTM
NYMTN
NYMTO
NYMTP
NYMX
NYT
NZF
O
OACB
OAK^A
OAK^B
OAS
OBAS
OBCI
OBLG
OBLN
OBNK
OBSV
OC
OCA
OCAX
OCAXU
OCAXW
OCC
OCCI
OCCIO
OCCIP
OCDX
OCFC
OCFCP
OCFT
OCG
OCGN
OCN
OCSL
OCUL
OCUP
OCX
ODC
ODFL
ODP
ODT
OEC
OEG
OEPW
OEPWU
OEPWW
OESX
OFC
OFED
OFG
OFG^D
OFIX
OFLX
OFS
OFSSG
OFSSI
OG
OGE
OGEN
OGI
OGS
OHI
OHPA
OHPAU
OHPAW
OI
OIA
OII
OIIM
OIS
OKE
OKTA
OLB
OLED
OLK
OLLI
OLMA
OLN
OLO
OLP
OM
OMAB
OMC
OMCL
OMEG
OMER
OMEX
OMF
OMI
OMP
ON
ONB
ONCR
ONCS
ONCT
ONCY
ONDS
ONE
ONEM
ONEW
ONTF
ONTO
ONTX
ONTXW
ONVO
OOMA
OPBK
OPCH
OPEN
OPENW
OPGN
OPHC
OPI
OPINI
OPINL
OPK
OPNT
OPOF
OPP
OPP^A
OPRA
OPRT
OPRX
OPT
OPTN
OPTT
OPY
OR
ORA
ORAN
ORBC
ORC
ORCC
ORCL
ORGO
ORGS
ORI
ORIC
ORLA
ORLY
ORMP
ORN
ORPH
ORRF
ORTX
OSBC
OSCR
OSG
OSH
OSIS
OSK
OSMT
OSN
OSPN
OSS
OSTK
OSTR
OSTRU
OSTRW
OSUR
OSW
OTEX
OTIC
OTIS
OTLK
OTLKW
OTRA
OTRAU
OTRAW
OTRK
OTRKP
OTTR
OUST
OUT
OVBC
OVID
OVLY
OVV
OXBR
OXBRW
OXLC
OXLCL
OXLCM
OXLCP
OXM
OXSQ
OXSQL
OXSQZ
OXY
OYST
OZK
OZON
PAA
PAAS
PAC
PACB
PACE
PACK
PACW
PACX
PACXU
PACXW
PAE
PAEWW
PAG
PAGP
PAGS
PAHC
PAI
PAIC
PAICW
PALI
PAM
PANA
PANL
PANW
PAQC
PAQCU
PAQCW
PAR
PARR
PASG
PATH
PATI
PATK
PAVM
PAVMW
PAVMZ
PAX
PAYA
PAYAW
PAYC
PAYS
PAYX
PB
PBA
PBC
PBCT
PBCTP
PBF
PBFS
PBFX
PBH
PBHC
PBI
PBI^B
PBIP
PBLA
PBPB
PBR
PBT
PBTS
PBY
PBYI
PCAR
PCB
PCF
PCG
PCG^A
PCG^B
PCG^C
PCG^D
PCG^G
PCG^H
PCGU
PCH
PCI
PCK
PCM
PCN
PCOM
PCPC
PCQ
PCRX
PCSA
PCSB
PCT
PCTI
PCTTU
PCTTW
PCTY
PCVX
PCYG
PCYO
PD
PDAC
PDCE
PDCO
PDD
PDEX
PDFS
PDI
PDLB
PDM
PDO
PDOT
PDS
PDSB
PDT
PEAK
PEB
PEB^C
PEB^D
PEB^E
PEB^F
PEBK
PEBO
PED
PEG
PEGA
PEI
PEI^B
PEI^C
PEI^D
PEN
PENN
PEO
PEP
PERI
PESI
PETQ
PETS
PETZ
PFBC
PFBI
PFC
PFD
PFDR
PFDRU
PFDRW
PFE
PFG
PFGC
PFH
PFHD
PFIE
PFIN
PFIS
PFL
PFLT
PFMT
PFN
PFO
PFPT
PFS
PFSI
PFSW
PFX
PFXNL
PG
PGC
PGEN
PGNY
PGP
PGR
PGRE
PGRW
PGRWU
PGRWW
PGTI
PGZ
PH
PHAR
PHAS
PHAT
PHCF
PHD
PHG
PHGE
PHI
PHIC
PHICU
PHICW
PHIO
PHIOW
PHK
PHM
PHR
PHT
PHUN
PHUNW
PHVS
PHX
PI
PIAI
PICC
PII
PIM
PINC
PINE
PING
PINS
PIPP
PIPR
PIRS
PIXY
PJT
PK
PKBK
PKE
PKG
PKI
PKO
PKOH
PKX
PLAB
PLAG
PLAN
PLAY
PLBC
PLBY
PLCE
PLD
PLG
PLIN
PLL
PLM
PLMI
PLMIU
PLMIW
PLMR
PLNT
PLOW
PLPC
PLRX
PLSE
PLT
PLTK
PLTR
PLUG
PLUS
PLX
PLXP
PLXS
PLYA
PLYM
PLYM^A
PM
PMBC
PMD
PME
PMF
PMGM
PMGMU
PMGMW
PML
PMM
PMO
PMT
PMT^A
PMT^B
PMVC
PMVP
PMX
PNBK
PNC
PNC^P
PNF
PNFP
PNFPP
PNI
PNM
PNNT
PNNTG
PNR
PNRG
PNTG
PNTM
PNW
POAI
PODD
POLA
POOL
POR
POSH
POST
POW
POWI
POWL
POWRU
POWRW
POWW
PPBI
PPBT
PPC
PPD
PPG
PPGH
PPGHU
PPGHW
PPIH
PPL
PPR
PPSI
PPT
PPTA
PPX
PQG
PRA
PRAA
PRAH
PRAX
PRCH
PRDO
PRE^J
PRFT
PRFX
PRG
PRGO
PRGS
PRI
PRIF^A
PRIF^C
PRIF^D
PRIF^E
PRIF^F
PRIF^G
PRIF^H
PRIM
PRK
PRLB
PRLD
PRMW
PRO
PROF
PROG
PROS
PROV
PRPB
PRPC
PRPH
PRPL
PRPO
PRQR
PRS
PRSR
PRSRU
PRSRW
PRT
PRTA
PRTC
PRTG
PRTH
PRTK
PRTS
PRTY
PRU
PRVA
PRVB
PSA
PSA^C
PSA^D
PSA^E
PSA^F
PSA^G
PSA^H
PSA^I
PSA^J
PSA^K
PSA^L
PSA^M
PSA^N
PSA^O
PSAC
PSACU
PSACW
PSAG
PSAGU
PSAGW
PSB
PSB^W
PSB^X
PSB^Y
PSB^Z
PSCW
PSCX
PSEC
PSF
PSFD
PSFE
PSFF
PSFM
PSHG
PSMD
PSMR
PSMT
PSN
PSNL
PSO
PSTG
PSTH
PSTI
PSTL
PSTV
PSTX
PSX
PSXP
PT
PTA
PTC
PTCT
PTE
PTEN
PTGX
PTIC
PTICU
PTICW
PTIX
PTIXW
PTK
PTMN
PTN
PTNR
PTOC
PTOCU
PTON
PTPI
PTR
PTRS
PTSI
PTVCA
PTVCB
PTVE
PTY
PUBM
PUCK
PUCKU
PUCKW
PUK
PUK^
PUK^A
PULM
PUMP
PUYI
PV
PVAC
PVBC
PVG
PVH
PVL
PW
PW^A
PWFL
PWOD
PWR
PXD
PXLW
PXS
PXSAP
PXSAW
PYN
PYPD
PYPL
PYR
PYS
PYT
PZC
PZG
PZN
PZZA
QADA
QADB
QCOM
QCON
QCRH
QD
QDEC
QDEL
QELL
QELLU
QELLW
QFIN
QFTA
QGEN
QH
QIWI
QK
QLGN
QLI
QLYS
QMAR
QMCO
QNST
QPFF
QQQX
QRHC
QRTEA
QRTEB
QRTEP
QRVO
QS
QSR
QTAP
QTNT
QTRX
QTS
QTS^A
QTS^B
QTT
QTWO
QUAD
QUIK
QUMU
QUOT
QURE
QVCC
QVCD
R
RA
RAAC
RAACU
RAACW
RAAS
RACA
RACB
RACE
RAD
RADA
RADI
RAIL
RAIN
RAMP
RAND
RAPT
RARE
RAVE
RAVN
RBA
RBAC
RBB
RBBN
RBC
RBCAA
RBCN
RBKB
RBLX
RBNC
RC
RC^B
RC^C
RC^D
RCA
RCAT
RCB
RCC
RCEL
RCG
RCHG
RCHGU
RCHGW
RCI
RCII
RCKT
RCKY
RCL
RCLF
RCLFU
RCLFW
RCM
RCMT
RCON
RCS
RCUS
RDCM
RDFI
RDFN
RDHL
RDI
RDIB
RDN
RDNT
RDS/B
RDUS
RDVT
RDWR
RDY
RE
REAL
REC
REDU
REED
REFR
REG
REGI
REGN
REI
REKR
RELI
RELIW
RELL
RELX
RENN
REPH
REPL
REPX
RES
RESN
RETA
RETO
REV
REVG
REVHU
REVHW
REX
REXR
REXR^A
REXR^B
REXR^C
REYN
REZI
RF
RF^A
RF^B
RF^C
RF^E
RFI
RFIL
RFL
RFM
RFMZ
RFP
RGA
RGCO
RGEN
RGLD
RGLS
RGNX
RGP
RGR
RGS
RGT
RH
RHE
RHE^A
RHI
RHP
RIBT
RICE
RICK
RIDE
RIG
RIGL
RILY
RILYG
RILYH
RILYI
RILYK
RILYL
RILYM
RILYN
RILYO
RILYP
RILYT
RIO
RIOT
RIV
RIVE
RJF
RKDA
RKT
RL
RLAY
RLGT
RLGY
RLI
RLJ
RLJ^A
RLMD
RLX
RM
RMAX
RMBI
RMBL
RMBS
RMCF
RMD
RMED
RMGB
RMGBU
RMGBW
RMGC
RMGCU
RMGCW
RMI
RMM
RMNI
RMO
RMPL^
RMR
RMRM
RMT
RMTI
RNA
RNDB
RNG
RNGR
RNLX
RNP
RNR
RNR^E
RNR^F
RNST
RNWK
ROAD
ROCC
ROCCU
ROCCW
ROCK
ROCR
ROCRU
ROCRW
ROG
ROIC
ROK
ROKU
ROL
ROLL
ROMO
ROOT
ROP
ROSS
ROST
ROT
RPAI
RPAY
RPD
RPHM
RPM
RPRX
RPT
RPT^D
RPTX
RQI
RRBI
RRC
RRD
RRGB
RRR
RS
RSF
RSG
RSI
RSSS
RSVA
RSVAU
RSVAW
RTAI
RTLR
RTP
RTPY
RTPYU
RTPYW
RTPZ
RTX
RUBY
RUN
RUSHA
RUSHB
RUTH
RVI
RVLV
RVMD
RVNC
RVP
RVPH
RVPHW
RVSB
RVT
RWLK
RWT
RXDX
RXN
RXRA
RXRAU
RXRAW
RXRX
RXT
RY
RY^T
RYAAY
RYAM
RYB
RYI
RYN
RYTM
RZA
RZB
RZLT
SA
SABR
SABRP
SACC
SACH
SAF
SAFE
SAFM
SAFT
SAGE
SAH
SAIA
SAIC
SAII
SAIIU
SAIIW
SAIL
SAK
SAL
SALM
SAM
SAMG
SAN
SANA
SAND
SANM
SANW
SAP
SAR
SASR
SATS
SAVA
SAVE
SB
SB^C
SB^D
SBAC
SBBA
SBBP
SBCF
SBEA
SBEAU
SBEAW
SBFG
SBG
SBGI
SBH
SBI
SBII
SBLK
SBLKZ
SBNY
SBNYP
SBOW
SBR
SBRA
SBS
SBSI
SBSW
SBT
SBTX
SBUX
SC
SCAQ
SCAQU
SCAQW
SCCB
SCCC
SCCO
SCD
SCE^G
SCE^H
SCE^J
SCE^K
SCE^L
SCHL
SCHN
SCHW
SCHW^C
SCHW^D
SCHW^J
SCI
SCKT
SCL
SCLE
SCLEU
SCLEW
SCM
SCOA
SCOAU
SCOAW
SCOB
SCOBU
SCOBW
SCOR
SCPE
SCPH
SCPL
SCPS
SCR
SCS
SCSC
SCU
SCVL
SCVX
SCWX
SCX
SCYX
SD
SDAC
SDACU
SDACW
SDC
SDGR
SDH
SDHY
SDPI
SE
SEAC
SEAH
SEAS
SEB
SECO
SEDG
SEE
SEED
SEEL
SEER
SEIC
SELB
SELF
SEM
SEMR
SENEA
SENEB
SENS
SEPZ
SESN
SF
SF^A
SF^B
SF^C
SFB
SFBC
SFBS
SFE
SFET
SFIX
SFL
SFM
SFNC
SFST
SFT
SFTW
SFUN
SGA
SGAM
SGAMU
SGAMW
SGBX
SGC
SGEN
SGFY
SGH
SGLB
SGLBW
SGMA
SGMO
SGMS
SGOC
SGRP
SGRY
SGTX
SGU
SHAC
SHACU
SHACW
SHAK
SHBI
SHC
SHEN
SHG
SHI
SHIP
SHIPW
SHIPZ
SHLS
SHLX
SHO
SHO^E
SHOO
SHOP
SHSP
SHW
SHYF
SI
SIBN
SIC
SID
SIEB
SIEN
SIF
SIFY
SIG
SIGA
SIGI
SIGIP
SII
SILC
SILK
SILV
SIM
SIMO
SINO
SINT
SIOX
SIRI
SITC
SITC^A
SITE
SITM
SIVB
SIVBP
SIX
SJ
SJI
SJIJ
SJIV
SJM
SJR
SJT
SJW
SKIN
SKINW
SKLZ
SKM
SKT
SKX
SKY
SKYT
SKYW
SLAB
SLAC
SLAM
SLAMU
SLAMW
SLB
SLCA
SLCR
SLCRU
SLCRW
SLCT
SLDB
SLF
SLG
SLG^I
SLGG
SLGL
SLGN
SLM
SLMBP
SLN
SLNG
SLNO
SLP
SLQT
SLRC
SLRX
SLS
SM
SMAR
SMBC
SMBK
SMCI
SMED
SMFG
SMG
SMHI
SMID
SMIT
SMLP
SMM
SMMF
SMMT
SMP
SMPL
SMSI
SMTC
SMTI
SMTS
SNA
SNAP
SNBR
SNCR
SNCY
SND
SNDL
SNDR
SNDX
SNES
SNEX
SNFCA
SNGX
SNGXW
SNII
SNMP
SNN
SNOA
SNOW
SNP
SNPR
SNPS
SNR
SNRH
SNRHU
SNRHW
SNSE
SNV
SNV^D
SNV^E
SNX
SNY
SO
SOAC
SOGO
SOHO
SOHOB
SOHON
SOHOO
SOHU
SOI
SOJB
SOJC
SOJD
SOJE
SOL
SOLN
SOLO
SOLOW
SOLY
SON
SONM
SONN
SONO
SONY
SOR
SOS
SP
SPAQ
SPB
SPCB
SPCE
SPE
SPE^B
SPFI
SPFR
SPG
SPG^J
SPGI
SPGS
SPH
SPI
SPKB
SPKBU
SPKBW
SPKE
SPKEP
SPLK
SPLP
SPLP^A
SPNE
SPNS
SPNT
SPNV
SPOK
SPOT
SPPI
SPR
SPRB
SPRO
SPRQ
SPRT
SPSC
SPT
SPTK
SPTKU
SPTKW
SPTN
SPWH
SPWR
SPXC
SPXX
SQ
SQBG
SQFT
SQM
SQNS
SQZ
SR
SR^A
SRAC
SRACU
SRACW
SRAX
SRC
SRC^A
SRCE
SRCL
SRDX
SRE
SRE^B
SREA
SREV
SRG
SRG^A
SRGA
SRI
SRL
SRLP
SRNE
SRNG
SRNGU
SRNGW
SRPT
SRRA
SRRK
SRSA
SRSAU
SRSAW
SRT
SRTS
SRV
SSAA
SSAAU
SSAAW
SSB
SSBI
SSD
SSKN
SSL
SSNC
SSNT
SSP
SSPK
SSPKU
SSPKW
SSRM
SSSS
SSTI
SSTK
SSY
SSYS
ST
STAA
STAF
STAG
STAR
STAR^D
STAR^G
STAR^I
STAY
STBA
STC
STCN
STE
STEM
STEP
STFC
STG
STIC
STIM
STK
STKL
STKS
STL
STL^A
STLA
STLD
STM
STMP
STN
STND
STNE
STNG
STOK
STON
STOR
STPC
STRA
STRL
STRM
STRO
STRR
STRRP
STRS
STRT
STSA
STT
STT^D
STT^G
STTK
STWD
STWO
STWOU
STWOW
STX
STXB
STXS
STZ
STZ/B
SU
SUI
SULR
SUM
SUMO
SUMR
SUN
SUNS
SUNW
SUP
SUPN
SUPV
SURF
SUZ
SV
SVAC
SVACU
SVACW
SVAL
SVBI
SVC
SVFA
SVFAU
SVFAW
SVFB
SVFC
SVM
SVMK
SVOK
SVOKU
SVOKW
SVRA
SVSVU
SVSVW
SVT
SVVC
SWAV
SWBI
SWBK
SWCH
SWET
SWETU
SWETW
SWI
SWIM
SWIR
SWK
SWKH
SWKS
SWM
SWN
SWT
SWTX
SWX
SWZ
SXC
SXI
SXT
SXTC
SY
SYBT
SYBX
SYF
SYF^A
SYK
SYKE
SYN
SYNA
SYNH
SYNL
SYPR
SYRS
SYTA
SYTAW
SYX
SYY
SZC
T
T^A
T^C
TA
TAC
TACA
TACO
TACT
TAEQ
TAIT
TAK
TAL
TALO
TALS
TANH
TANNI
TANNL
TANNZ
TAOP
TAP
TARA
TARO
TARS
TAST
TATT
TAYD
TBA
TBB
TBBK
TBC
TBCP
TBCPU
TBCPW
TBI
TBIO
TBJL
TBK
TBKCP
TBLT
TBLTW
TBNK
TBPH
TBSAU
TC
TCAC
TCACU
TCACW
TCBI
TCBIL
TCBIO
TCBIP
TCBK
TCDA
TCF
TCFC
TCFCP
TCI
TCMD
TCOM
TCON
TCPC
TCRR
TCS
TCVA
TCX
TD
TDA
TDAC
TDACU
TDACW
TDC
TDE
TDF
TDG
TDI
TDJ
TDOC
TDS
TDS^U
TDUP
TDW
TDY
TEAF
TEAM
TECH
TECK
TECTP
TEDU
TEF
TEGS
TEI
TEKK
TEKKU
TEKKW
TEL
TELA
TELL
TEN
TENB
TENX
TEO
TER
TERN
TESS
TETCU
TEVA
TEX
TFC
TFC^H
TFC^I
TFC^O
TFC^R
TFFP
TFII
TFJL
TFSA
TFSL
TFX
TG
TGA
TGB
TGH
TGH^A
TGI
TGLS
TGNA
TGP
TGP^A
TGP^B
TGS
TGT
TGTX
TH
THBR
THBRU
THBRW
THC
THCA
THCAW
THCB
THCBU
THCBW
THFF
THG
THM
THMA
THMAU
THMAW
THMO
THO
THQ
THR
THRM
THRY
THS
THTX
THW
THWWW
THY
TIG
TIGO
TIGR
TIL
TILE
TIMB
TINV
TIOAU
TIPT
TIRX
TISI
TITN
TIXT
TJX
TK
TKAT
TKC
TKR
TLC
TLGA
TLGT
TLIS
TLK
TLMD
TLMDW
TLND
TLRY
TLS
TLSA
TLYS
TM
TMAC
TMAT
TMBR
TMCI
TMDI
TMDX
TME
TMHC
TMKR
TMKRU
TMKRW
TMO
TMP
TMPM
TMPMU
TMPMW
TMQ
TMST
TMTS
TMTSU
TMTSW
TMUS
TMX
TNC
TNDM
TNET
TNK
TNL
TNP
TNP^D
TNP^E
TNP^F
TNXP
TOL
TOMZ
TOPS
TOT
TOUR
TOWN
TPB
TPC
TPCO
TPGS
TPGY
TPH
TPHS
TPIC
TPL
TPR
TPTX
TPVG
TPX
TPZ
TR
TRC
TRCA
TRCH
TREB
TREC
TREE
TREX
TRGP
TRHC
TRI
TRIB
TRIL
TRIN
TRIP
TRIT
TRITW
TRKA
TRKAW
TRMB
TRMD
TRMK
TRMT
TRN
TRNO
TRNS
TROW
TROX
TRP
TRQ
TRS
TRST
TRT
TRTN
TRTN^A
TRTN^B
TRTN^C
TRTN^D
TRTX
TRU
TRUE
TRUP
TRV
TRVG
TRVI
TRVN
TRX
TS
TSBK
TSC
TSCAP
TSCBP
TSCO
TSE
TSEM
TSHA
TSI
TSIA
TSIAU
TSIAW
TSIB
TSIBU
TSIBW
TSLA
TSLX
TSM
TSN
TSOC
TSP
TSPQ
TSQ
TSRI
TT
TTC
TTCF
TTD
TTEC
TTEK
TTGT
TTI
TTM
TTMI
TTNP
TTOO
TTP
TTWO
TU
TUFN
TUGCU
TUP
TURN
TUSK
TUYA
TV
TVAC
TVACU
TVACW
TVC
TVE
TVTX
TVTY
TW
TWCT
TWCTU
TWCTW
TWI
TWIN
TWLO
TWLV
TWLVU
TWLVW
TWN
TWND
TWNI
TWNK
TWNKW
TWNT
TWO
TWO^A
TWO^B
TWO^C
TWOA
TWOU
TWST
TWTR
TX
TXG
TXMD
TXN
TXRH
TXT
TY
TY^
TYG
TYHT
TYL
TYME
TZOO
TZPS
TZPSU
TZPSW
U
UA
UAA
UAL
UAMY
UAN
UAVS
UBA
UBCP
UBER
UBFO
UBOH
UBP
UBP^H
UBP^K
UBS
UBSI
UBX
UCBI
UCBIO
UCL
UCTT
UDR
UE
UEC
UEIC
UEPS
UFAB
UFCS
UFI
UFPI
UFPT
UFS
UG
UGI
UGP
UGRO
UHAL
UHS
UHT
UI
UIHC
UIS
UK
UKOMW
UL
ULBI
ULCC
ULH
ULTA
UMBF
UMC
UMH
UMH^C
UMH^D
UMPQ
UNAM
UNB
UNF
UNFI
UNH
UNIT
UNM
UNMA
UNP
UNTY
UNVR
UONE
UONEK
UPC
UPLD
UPS
UPST
UPWK
URBN
URG
URGN
URI
UROY
USA
USAC
USAK
USAP
USAS
USAU
USB
USB^A
USB^H
USB^M
USB^P
USB^Q
USB^R
USCR
USDP
USEG
USFD
USIO
USLM
USM
USNA
USPH
USWS
USWSW
USX
UTF
UTG
UTHR
UTI
UTL
UTMD
UTME
UTSI
UTZ
UUU
UUUU
UVE
UVSP
UVV
UWMC
UXIN
UZA
UZB
UZC
UZD
UZE
V
VABK
VAC
VACC
VACQ
VACQU
VACQW
VAL
VALE
VALN
VALU
VAPO
VAQC
VBF
VBFC
VBIV
VBLT
VBTX
VC
VCEL
VCF
VCIF
VCKA
VCKAU
VCKAW
VCNX
VCRA
VCTR
VCV
VCVC
VCVCU
VCVCW
VCYT
VEC
VECO
VECT
VEDL
VEEV
VEI
VEL
VELO
VELOU
VELOW
VENA
VENAR
VENAU
VENAW
VEON
VER
VER^F
VERB
VERBW
VERI
VERO
VERU
VERX
VERY
VET
VFC
VFF
VFL
VG
VGAC
VGI
VGM
VGR
VGZ
VHAQ
VHC
VHI
VIAC
VIACA
VIACP
VIAO
VIAV
VICI
VICR
VIEW
VIEWW
VIH
VIHAU
VIHAW
VII
VIIAU
VIIAW
VINC
VINO
VINP
VIOT
VIPS
VIR
VIRC
VIRI
VIRS
VIRT
VIRX
VISL
VIST
VITL
VIV
VIVE
VIVO
VJET
VKI
VKQ
VKTX
VLATU
VLDR
VLDRW
VLGEA
VLO
VLON
VLRS
VLT
VLY
VLYPO
VLYPP
VMAC
VMACU
VMACW
VMAR
VMC
VMD
VMI
VMM
VMO
VMW
VNCE
VNDA
VNE
VNET
VNO
VNO^K
VNO^L
VNO^M
VNO^N
VNOM
VNRX
VNT
VNTR
VOC
VOD
VOLT
VOR
VOSO
VOSOU
VOSOW
VOXX
VOYA
VOYA^B
VPCB
VPCBU
VPCBW
VPCC
VPG
VPV
VRA
VRAY
VRCA
VRDN
VREX
VRM
VRME
VRMEW
VRNA
VRNS
VRNT
VRPX
VRRM
VRS
VRSK
VRSN
VRT
VRTS
VRTV
VRTX
VS
VSAT
VSEC
VSH
VSSYW
VST
VSTA
VSTM
VSTO
VTA
VTAQ
VTAQR
VTAQU
VTAQW
VTGN
VTIQ
VTIQU
VTIQW
VTN
VTNR
VTOL
VTR
VTRS
VTRU
VTSI
VTVT
VUSB
VUZI
VVI
VVNT
VVOS
VVPR
VVR
VVV
VWTR
VXRT
VYGG
VYGR
VYNE
VYNT
VZ
VZIO
W
WAB
WABC
WAFD
WAFDP
WAFU
WAL
WALA
WALDU
WALDW
WARR
WASH
WAT
WATT
WB
WBA
WBK
WBS
WBS^F
WBT
WCC
WCC^A
WCN
WD
WDAY
WDC
WDFC
WDH
WEA
WEC
WEI
WELL
WEN
WERN
WES
WETF
WEX
WEYS
WF
WFC
WFC^A
WFC^C
WFC^L
WFC^N
WFC^O
WFC^Q
WFC^R
WFC^X
WFC^Y
WFC^Z
WFCF
WFG
WGO
WH
WHD
WHF
WHFBZ
WHG
WHLM
WHLR
WHLRD
WHLRP
WHR
WIA
WIFI
WILC
WIMI
WINA
WING
WINT
WIRE
WISA
WISH
WIT
WIW
WIX
WK
WKEY
WKHS
WLDN
WLFC
WLK
WLKP
WLL
WLMS
WLTW
WM
WMB
WMC
WMG
WMK
WMPN
WMS
WMT
WNC
WNEB
WNS
WNW
WOOF
WOR
WORK
WORX
WOW
WPC
WPCA
WPCB
WPF
WPG
WPG^H
WPG^I
WPM
WPP
WPRT
WRAP
WRB
WRB^D
WRB^E
WRB^F
WRB^G
WRB^H
WRE
WRI
WRK
WRLD
WRN
WSBC
WSBCP
WSBF
WSC
WSFS
WSM
WSO
WSO/B
WSR
WST
WSTG
WTBA
WTER
WTFC
WTFCM
WTFCP
WTI
WTM
WTRE
WTREP
WTRG
WTRH
WTRU
WTS
WTT
WTTR
WU
WUGI
WVE
WVFC
WVVI
WVVIP
WW
WWD
WWE
WWR
WWW
WY
WYNN
WYY
X
XAIR
XBAP
XBIO
XBIT
XCUR
XDAP
XDAT
XDQQ
XDSQ
XEC
XEL
XELA
XELB
XENE
XENT
XERS
XFLT
XFLT^A
XFOR
XGN
XHR
XIN
XJH
XJR
XL
XLNX
XLRN
XM
XNCR
XNET
XOG
XOM
XOMA
XOMAO
XOMAP
XONE
XP
XPDI
XPDIU
XPDIW
XPEL
XPER
XPEV
XPL
XPO
XPOA
XRAY
XRX
XSPA
XTAP
XTLB
XTNT
XVV
XXII
XYF
XYL
Y
YAC
YALA
YCBD
YCBD^A
YDEC
YELL
YELP
YETI
YEXT
YGMZ
YI
YJ
YMAB
YMAR
YMTX
YNDX
YORW
YPF
YQ
YRD
YSAC
YSACU
YSACW
YSG
YTEN
YTPG
YTRA
YUM
YUMC
YVR
YY
Z
ZBH
ZBRA
ZCMD
ZDGE
ZEAL
ZEN
ZEPP
ZEUS
ZEV
ZG
ZGNX
ZGYH
ZGYHR
ZGYHW
ZH
ZI
ZIM
ZION
ZIONL
ZIONN
ZIONO
ZIONP
ZIOP
ZIXI
ZKIN
ZLAB
ZM
ZNGA
ZNH
ZNTE
ZNTEU
ZNTEW
ZNTL
ZOM
ZS
ZSAN
ZTO
ZTR
ZTS
ZUMZ
ZUO
ZVO
ZWRK
ZWRKU
ZWRKW
ZY
ZYME
ZYNE
ZYXI